#-----------------------------------------------------------
# Vivado v2018.3 (64-bit)
# SW Build 2405991 on Thu Dec  6 23:36:41 MST 2018
# IP Build 2404404 on Fri Dec  7 01:43:56 MST 2018
# Start of session at: Thu Mar 14 15:36:43 2019
# Process ID: 11443
# Current directory: /media/wei/DATA/LW/Project/WR_Project/WR_Reference_Design/wr-cores-acme1-vivado/wr-cores-Quabo/syn/wrc_board_quabo_ip
# Command line: vivado -mode batch -source build.tcl
# Log file: /media/wei/DATA/LW/Project/WR_Project/WR_Reference_Design/wr-cores-acme1-vivado/wr-cores-Quabo/syn/wrc_board_quabo_ip/vivado.log
# Journal file: /media/wei/DATA/LW/Project/WR_Project/WR_Reference_Design/wr-cores-acme1-vivado/wr-cores-Quabo/syn/wrc_board_quabo_ip/vivado.jou
#-----------------------------------------------------------
source build.tcl
# source ./wrc_board_quabo_ip.tcl
## set origin_dir "."
## if { [info exists ::origin_dir_loc] } {
##   set origin_dir $::origin_dir_loc
## }
## variable script_file
## set script_file "wrc_board_quabo_ip.tcl"
## proc help {} {
##   variable script_file
##   puts "\nDescription:"
##   puts "Recreate a Vivado project from this script. The created project will be"
##   puts "functionally equivalent to the original project for which this script was"
##   puts "generated. The script contains commands for creating a project, filesets,"
##   puts "runs, adding/importing sources and setting properties on various objects.\n"
##   puts "Syntax:"
##   puts "$script_file"
##   puts "$script_file -tclargs \[--origin_dir <path>\]"
##   puts "$script_file -tclargs \[--help\]\n"
##   puts "Usage:"
##   puts "Name                   Description"
##   puts "-------------------------------------------------------------------------"
##   puts "\[--origin_dir <path>\]  Determine source file paths wrt this path. Default"
##   puts "                       origin_dir path value is \".\", otherwise, the value"
##   puts "                       that was set with the \"-paths_relative_to\" switch"
##   puts "                       when this script was generated.\n"
##   puts "\[--help\]               Print help information for this script"
##   puts "-------------------------------------------------------------------------\n"
##   exit 0
## }
## if { $::argc > 0 } {
##   for {set i 0} {$i < [llength $::argc]} {incr i} {
##     set option [string trim [lindex $::argv $i]]
##     switch -regexp -- $option {
##       "--origin_dir" { incr i; set origin_dir [lindex $::argv $i] }
##       "--help"       { help }
##       default {
##         if { [regexp {^-} $option] } {
##           puts "ERROR: Unknown option '$option' specified, please type '$script_file -tclargs --help' for usage info.\n"
##           return 1
##         }
##       }
##     }
##   }
## }
## set orig_proj_dir "[file normalize "$origin_dir/"]"
## create_project wrc_board_quabo_ip . -part xc7k160tfbg676-1
## set proj_dir [get_property directory [current_project]]
## set obj [get_projects wrc_board_quabo_ip]
## set_property "default_lib" "xil_defaultlib" $obj
## set_property "ip_cache_permissions" "read write" $obj
## set_property "ip_output_repo" "/media/wei/DATA/LW/Project/WR_Project/WR_Reference_Design/wr-cores-v4.2-vivado/syn/wrc_board_quabo_ip/wrc_board_quabo_ip.cache/ip" $obj
## set_property "part" "xc7k160tfbg676-1" $obj
## set_property "sim.ip.auto_export_scripts" "1" $obj
## set_property "simulator_language" "Mixed" $obj
## set_property "target_language" "VHDL" $obj
## if {[string equal [get_filesets -quiet sources_1] ""]} {
##   create_fileset -srcset sources_1
## }
## set obj [get_filesets sources_1]
## set_property "ip_repo_paths" "[file normalize "$origin_dir/../../"]" $obj
## update_ip_catalog -rebuild
INFO: [IP_Flow 19-234] Refreshing IP repositories
INFO: [IP_Flow 19-1700] Loaded user IP repository '/media/wei/DATA/LW/Project/WR_Project/WR_Reference_Design/wr-cores-acme1-vivado/wr-cores-Quabo'.
WARNING: [IP_Flow 19-3656] If you move the project, the path for repository '/media/wei/DATA/LW/Project/WR_Project/WR_Reference_Design/wr-cores-acme1-vivado/wr-cores-Quabo' may become invalid. A better location for the repository would be in a path adjacent to the project. (Current project location is '/media/wei/DATA/LW/Project/WR_Project/WR_Reference_Design/wr-cores-acme1-vivado/wr-cores-Quabo/syn/wrc_board_quabo_ip'.)
INFO: [IP_Flow 19-2313] Loaded Vivado IP repository '/home/wei/Software/Vivado/install/Vivado/2018.3/data/ip'.
## set obj [get_filesets sources_1]
## set files [list \
##  "[file normalize "$origin_dir/../../ip_cores/general-cores/modules/genrams/genram_pkg.vhd"]"\
##  "[file normalize "$origin_dir/../../ip_cores/general-cores/modules/wishbone/wishbone_pkg.vhd"]"\
##  "[file normalize "$origin_dir/../../ip_cores/general-cores/modules/genrams/memory_loader_pkg.vhd"]"\
##  "[file normalize "$origin_dir/../../ip_cores/general-cores/modules/genrams/xilinx/generic_dpram_sameclock.vhd"]"\
##  "[file normalize "$origin_dir/../../ip_cores/general-cores/modules/genrams/xilinx/generic_dpram_split.vhd"]"\
##  "[file normalize "$origin_dir/../../ip_cores/general-cores/modules/genrams/xilinx/generic_dpram_dualclock.vhd"]"\
##  "[file normalize "$origin_dir/../../modules/fabric/wr_fabric_pkg.vhd"]"\
##  "[file normalize "$origin_dir/../../modules/wr_endpoint/endpoint_pkg.vhd"]"\
##  "[file normalize "$origin_dir/../../modules/wr_endpoint/ep_registers_pkg.vhd"]"\
##  "[file normalize "$origin_dir/../../ip_cores/general-cores/modules/common/gc_sync_register.vhd"]"\
##  "[file normalize "$origin_dir/../../ip_cores/general-cores/modules/common/gc_sync_ffs.vhd"]"\
##  "[file normalize "$origin_dir/../../ip_cores/general-cores/modules/common/gencores_pkg.vhd"]"\
##  "[file normalize "$origin_dir/../../ip_cores/general-cores/modules/genrams/xilinx/generic_dpram.vhd"]"\
##  "[file normalize "$origin_dir/../../modules/wr_endpoint/endpoint_private_pkg.vhd"]"\
##  "[file normalize "$origin_dir/../../ip_cores/general-cores/modules/genrams/common/inferred_sync_fifo.vhd"]"\
##  "[file normalize "$origin_dir/../../ip_cores/general-cores/modules/genrams/common/inferred_async_fifo.vhd"]"\
##  "[file normalize "$origin_dir/../../ip_cores/general-cores/modules/common/gc_pulse_synchronizer.vhd"]"\
##  "[file normalize "$origin_dir/../../ip_cores/general-cores/modules/genrams/generic/generic_sync_fifo.vhd"]"\
##  "[file normalize "$origin_dir/../../ip_cores/general-cores/modules/genrams/generic/generic_async_fifo.vhd"]"\
##  "[file normalize "$origin_dir/../../ip_cores/general-cores/modules/wishbone/wbgen2/wbgen2_pkg.vhd"]"\
##  "[file normalize "$origin_dir/../../ip_cores/general-cores/modules/genrams/xilinx/gc_shiftreg.vhd"]"\
##  "[file normalize "$origin_dir/../../ip_cores/general-cores/modules/common/gc_crc_gen.vhd"]"\
##  "[file normalize "$origin_dir/../../modules/wr_endpoint/ep_sync_detect.vhd"]"\
##  "[file normalize "$origin_dir/../../ip_cores/general-cores/modules/wishbone/wb_uart/simple_uart_pkg.vhd"]"\
##  "[file normalize "$origin_dir/../../modules/wr_endpoint/ep_crc32_pkg.vhd"]"\
##  "[file normalize "$origin_dir/../../modules/wr_endpoint/ep_sync_detect_16bit.vhd"]"\
##  "[file normalize "$origin_dir/../../ip_cores/general-cores/modules/common/gc_extend_pulse.vhd"]"\
##  "[file normalize "$origin_dir/../../modules/wr_endpoint/ep_rtu_header_extract.vhd"]"\
##  "[file normalize "$origin_dir/../../ip_cores/general-cores/modules/genrams/xilinx/generic_simple_dpram.vhd"]"\
##  "[file normalize "$origin_dir/../../ip_cores/general-cores/modules/wishbone/wb_uart/uart_async_tx.vhd"]"\
##  "[file normalize "$origin_dir/../../modules/timing/dmtd_with_deglitcher.vhd"]"\
##  "[file normalize "$origin_dir/../../modules/wr_endpoint/ep_rx_status_reg_insert.vhd"]"\
##  "[file normalize "$origin_dir/../../modules/wr_endpoint/ep_autonegotiation.vhd"]"\
##  "[file normalize "$origin_dir/../../modules/wr_endpoint/ep_tx_crc_inserter.vhd"]"\
##  "[file normalize "$origin_dir/../../modules/wr_endpoint/ep_ts_counter.vhd"]"\
##  "[file normalize "$origin_dir/../../modules/wr_endpoint/ep_packet_filter.vhd"]"\
##  "[file normalize "$origin_dir/../../modules/wr_endpoint/ep_tx_pcs_16bit.vhd"]"\
##  "[file normalize "$origin_dir/../../ip_cores/general-cores/modules/common/gc_pulse_synchronizer2.vhd"]"\
##  "[file normalize "$origin_dir/../../modules/wr_endpoint/ep_rx_crc_size_check.vhd"]"\
##  "[file normalize "$origin_dir/../../ip_cores/general-cores/modules/wishbone/wb_lm32/src/lm32_addsub.v"]"\
##  "[file normalize "$origin_dir/../../modules/wr_endpoint/ep_rx_wb_master.vhd"]"\
##  "[file normalize "$origin_dir/../../modules/wr_endpoint/ep_tx_pcs_8bit.vhd"]"\
##  "[file normalize "$origin_dir/../../modules/wr_endpoint/ep_tx_vlan_unit.vhd"]"\
##  "[file normalize "$origin_dir/../../modules/wr_softpll_ng/spll_wbgen2_pkg.vhd"]"\
##  "[file normalize "$origin_dir/../../modules/wr_endpoint/ep_clock_alignment_fifo.vhd"]"\
##  "[file normalize "$origin_dir/../../ip_cores/general-cores/modules/wishbone/wbgen2/wbgen2_fifo_sync.vhd"]"\
##  "[file normalize "$origin_dir/../../ip_cores/general-cores/modules/genrams/common/generic_shiftreg_fifo.vhd"]"\
##  "[file normalize "$origin_dir/../../ip_cores/general-cores/modules/wishbone/wbgen2/wbgen2_eic.vhd"]"\
##  "[file normalize "$origin_dir/../../modules/wr_endpoint/ep_tx_inject_ctrl.vhd"]"\
##  "[file normalize "$origin_dir/../../modules/wr_endpoint/ep_rx_oob_insert.vhd"]"\
##  "[file normalize "$origin_dir/../../modules/wr_endpoint/ep_tx_header_processor.vhd"]"\
##  "[file normalize "$origin_dir/../../modules/wr_endpoint/ep_rx_pcs_8bit.vhd"]"\
##  "[file normalize "$origin_dir/../../modules/wr_endpoint/ep_rx_early_address_match.vhd"]"\
##  "[file normalize "$origin_dir/../../modules/wrc_core/wrc_diags_pkg.vhd"]"\
##  "[file normalize "$origin_dir/../../ip_cores/general-cores/modules/wishbone/wb_uart/uart_baud_gen.vhd"]"\
##  "[file normalize "$origin_dir/../../modules/wr_endpoint/ep_rx_vlan_unit.vhd"]"\
##  "[file normalize "$origin_dir/../../ip_cores/etherbone-core/hdl/eb_slave_core/eb_hdr_pkg.vhd"]"\
##  "[file normalize "$origin_dir/../../modules/wrc_core/wrc_syscon_pkg.vhd"]"\
##  "[file normalize "$origin_dir/../../ip_cores/general-cores/modules/wishbone/wb_lm32/platform/generic/jtag_tap.v"]"\
##  "[file normalize "$origin_dir/../../modules/wr_endpoint/ep_pcs_tbi_mdio_wb.vhd"]"\
##  "[file normalize "$origin_dir/../../ip_cores/general-cores/modules/wishbone/wb_uart/uart_async_rx.vhd"]"\
##  "[file normalize "$origin_dir/../../ip_cores/general-cores/modules/wishbone/wb_onewire_master/sockit_owm.v"]"\
##  "[file normalize "$origin_dir/../../modules/wr_endpoint/ep_rx_pcs_16bit.vhd"]"\
##  "[file normalize "$origin_dir/../../modules/wr_endpoint/ep_tx_packet_injection.vhd"]"\
##  "[file normalize "$origin_dir/../../ip_cores/general-cores/modules/wishbone/wb_uart/simple_uart_wb.vhd"]"\
##  "[file normalize "$origin_dir/../../modules/wr_mini_nic/minic_wbgen2_pkg.vhd"]"\
##  "[file normalize "$origin_dir/../../modules/wr_endpoint/ep_rx_buffer.vhd"]"\
##  "[file normalize "$origin_dir/../../modules/wr_softpll_ng/softpll_pkg.vhd"]"\
##  "[file normalize "$origin_dir/../../ip_cores/general-cores/modules/wishbone/wb_slave_adapter/wb_slave_adapter.vhd"]"\
##  "[file normalize "$origin_dir/../../modules/wr_endpoint/ep_wishbone_controller.vhd"]"\
##  "[file normalize "$origin_dir/../../ip_cores/general-cores/modules/wishbone/wb_lm32/src/lm32_ram.vhd"]"\
##  "[file normalize "$origin_dir/../../modules/wr_softpll_ng/spll_aligner.vhd"]"\
##  "[file normalize "$origin_dir/../../modules/timing/dmtd_phase_meas.vhd"]"\
##  "[file normalize "$origin_dir/../../modules/wrc_core/wrcore_pkg.vhd"]"\
##  "[file normalize "$origin_dir/../../modules/wr_softpll_ng/spll_wb_slave.vhd"]"\
##  "[file normalize "$origin_dir/../../ip_cores/general-cores/modules/wishbone/wb_lm32/src/jtag_cores.v"]"\
##  "[file normalize "$origin_dir/../../ip_cores/general-cores/modules/wishbone/wb_lm32/src/lm32_dp_ram.vhd"]"\
##  "[file normalize "$origin_dir/../../modules/wr_endpoint/ep_leds_controller.vhd"]"\
##  "[file normalize "$origin_dir/../../modules/wr_endpoint/ep_tx_path.vhd"]"\
##  "[file normalize "$origin_dir/../../modules/wr_mini_nic/minic_wb_slave.vhd"]"\
##  "[file normalize "$origin_dir/../../modules/wr_endpoint/ep_rx_path.vhd"]"\
##  "[file normalize "$origin_dir/../../modules/wrc_core/wrc_diags_wb.vhd"]"\
##  "[file normalize "$origin_dir/../../ip_cores/general-cores/modules/wishbone/wb_lm32/src/lm32_shifter.v"]"\
##  "[file normalize "$origin_dir/../../ip_cores/etherbone-core/hdl/eb_slave_core/eb_internals_pkg.vhd"]"\
##  "[file normalize "$origin_dir/../../modules/wr_endpoint/ep_1000basex_pcs.vhd"]"\
##  "[file normalize "$origin_dir/../../ip_cores/general-cores/modules/common/gc_frequency_meter.vhd"]"\
##  "[file normalize "$origin_dir/../../modules/wr_endpoint/ep_timestamping_unit.vhd"]"\
##  "[file normalize "$origin_dir/../../ip_cores/general-cores/modules/wishbone/wb_lm32/platform/generic/lm32_multiplier.v"]"\
##  "[file normalize "$origin_dir/../../ip_cores/general-cores/modules/wishbone/wb_uart/wb_simple_uart.vhd"]"\
##  "[file normalize "$origin_dir/../../ip_cores/general-cores/modules/wishbone/wb_onewire_master/wb_onewire_master.vhd"]"\
##  "[file normalize "$origin_dir/../../modules/wr_pps_gen/pps_gen_wb.vhd"]"\
##  "[file normalize "$origin_dir/../../ip_cores/general-cores/modules/wishbone/wb_lm32/src/lm32_adder.v"]"\
##  "[file normalize "$origin_dir/../../ip_cores/general-cores/modules/wishbone/wb_lm32/src/lm32_logic_op.v"]"\
##  "[file normalize "$origin_dir/../../modules/wrc_core/wrc_syscon_wb.vhd"]"\
##  "[file normalize "$origin_dir/../../modules/wr_pps_gen/wr_pps_gen.vhd"]"\
##  "[file normalize "$origin_dir/../../modules/wr_endpoint/wr_endpoint.vhd"]"\
##  "[file normalize "$origin_dir/../../ip_cores/general-cores/modules/wishbone/wb_crossbar/sdb_rom.vhd"]"\
##  "[file normalize "$origin_dir/../../ip_cores/general-cores/modules/wishbone/wb_crossbar/xwb_crossbar.vhd"]"\
##  "[file normalize "$origin_dir/../../ip_cores/general-cores/modules/wishbone/wb_uart/xwb_simple_uart.vhd"]"\
##  "[file normalize "$origin_dir/../../ip_cores/etherbone-core/hdl/eb_slave_core/eb_fifo.vhd"]"\
##  "[file normalize "$origin_dir/../../modules/wr_streamers/wr_streamers_wbgen2_pkg.vhd"]"\
##  "[file normalize "$origin_dir/../../modules/wr_streamers/streamers_pkg.vhd"]"\
##  "[file normalize "$origin_dir/../../modules/wrc_core/xwrc_diags_wb.vhd"]"\
##  "[file normalize "$origin_dir/../../modules/wr_softpll_ng/wr_softpll_ng.vhd"]"\
##  "[file normalize "$origin_dir/../../modules/wr_mini_nic/wr_mini_nic.vhd"]"\
##  "[file normalize "$origin_dir/../../ip_cores/general-cores/modules/wishbone/wb_onewire_master/xwb_onewire_master.vhd"]"\
##  "[file normalize "$origin_dir/../../ip_cores/general-cores/modules/wishbone/wb_lm32/generated/lm32_allprofiles.v"]"\
##  "[file normalize "$origin_dir/../../platform/xilinx/wr_gtp_phy/family7-gtp/whiterabbit_gtpe2_channel_wrapper_gtrxreset_seq.vhd"]"\
##  "[file normalize "$origin_dir/../../modules/wr_streamers/xtx_streamers_stats.vhd"]"\
##  "[file normalize "$origin_dir/../../ip_cores/etherbone-core/hdl/eb_slave_core/eb_cfg_fifo.vhd"]"\
##  "[file normalize "$origin_dir/../../modules/wr_streamers/escape_detector.vhd"]"\
##  "[file normalize "$origin_dir/../../ip_cores/etherbone-core/hdl/eb_slave_core/eb_pass_fifo.vhd"]"\
##  "[file normalize "$origin_dir/../../ip_cores/etherbone-core/hdl/eb_slave_core/eb_slave_fsm.vhd"]"\
##  "[file normalize "$origin_dir/../../modules/wrc_core/wrc_periph.vhd"]"\
##  "[file normalize "$origin_dir/../../modules/wr_streamers/xrx_streamers_stats.vhd"]"\
##  "[file normalize "$origin_dir/../../modules/wr_softpll_ng/xwr_softpll_ng.vhd"]"\
##  "[file normalize "$origin_dir/../../modules/fabric/xwb_fabric_sink.vhd"]"\
##  "[file normalize "$origin_dir/../../modules/wr_pps_gen/xwr_pps_gen.vhd"]"\
##  "[file normalize "$origin_dir/../../ip_cores/etherbone-core/hdl/eb_slave_core/eb_wbm_fifo.vhd"]"\
##  "[file normalize "$origin_dir/../../modules/wr_streamers/escape_inserter.vhd"]"\
##  "[file normalize "$origin_dir/../../ip_cores/etherbone-core/hdl/eb_slave_core/eb_tag_fifo.vhd"]"\
##  "[file normalize "$origin_dir/../../modules/fabric/xwb_fabric_source.vhd"]"\
##  "[file normalize "$origin_dir/../../modules/wr_streamers/dropping_buffer.vhd"]"\
##  "[file normalize "$origin_dir/../../ip_cores/etherbone-core/hdl/eb_slave_core/eb_commit_fifo.vhd"]"\
##  "[file normalize "$origin_dir/../../ip_cores/general-cores/modules/wishbone/wb_dpram/xwb_dpram.vhd"]"\
##  "[file normalize "$origin_dir/../../modules/wr_mini_nic/xwr_mini_nic.vhd"]"\
##  "[file normalize "$origin_dir/../../ip_cores/general-cores/modules/wishbone/wb_lm32/generated/xwb_lm32.vhd"]"\
##  "[file normalize "$origin_dir/../../ip_cores/etherbone-core/hdl/eb_slave_core/eb_checksum.vhd"]"\
##  "[file normalize "$origin_dir/../../modules/timing/pulse_stamper.vhd"]"\
##  "[file normalize "$origin_dir/../../modules/fabric/xwrf_mux.vhd"]"\
##  "[file normalize "$origin_dir/../../modules/wr_endpoint/xwr_endpoint.vhd"]"\
##  "[file normalize "$origin_dir/../../modules/wr_streamers/streamers_priv_pkg.vhd"]"\
##  "[file normalize "$origin_dir/../../ip_cores/etherbone-core/hdl/eb_slave_core/eb_tx_mux.vhd"]"\
##  "[file normalize "$origin_dir/../../ip_cores/general-cores/modules/wishbone/wb_crossbar/xwb_sdb_crossbar.vhd"]"\
##  "[file normalize "$origin_dir/../../platform/xilinx/wr_gtp_phy/family7-gtp/whiterabbit_gtpe2_channel_wrapper_gt.vhd"]"\
##  "[file normalize "$origin_dir/../../platform/xilinx/wr_gtp_phy/spartan6/whiterabbitgtp_wrapper_tile_spartan6.vhd"]"\
##  "[file normalize "$origin_dir/../../platform/xilinx/wr_gtp_phy/gtp_bitslide.vhd"]"\
##  "[file normalize "$origin_dir/../../modules/wr_tbi_phy/disparity_gen_pkg.vhd"]"\
##  "[file normalize "$origin_dir/../../ip_cores/etherbone-core/hdl/eb_slave_core/eb_stream_widen.vhd"]"\
##  "[file normalize "$origin_dir/../../ip_cores/etherbone-core/hdl/eb_slave_core/eb_eth_rx.vhd"]"\
##  "[file normalize "$origin_dir/../../modules/wrc_core/wr_core.vhd"]"\
##  "[file normalize "$origin_dir/../../ip_cores/etherbone-core/hdl/eb_slave_core/eb_slave_top.vhd"]"\
##  "[file normalize "$origin_dir/../../ip_cores/etherbone-core/hdl/eb_slave_core/eb_stream_narrow.vhd"]"\
##  "[file normalize "$origin_dir/../../modules/wr_streamers/xrtx_streamers_stats.vhd"]"\
##  "[file normalize "$origin_dir/../../modules/wr_streamers/xtx_streamer.vhd"]"\
##  "[file normalize "$origin_dir/../../modules/wr_streamers/wr_streamers_wb.vhd"]"\
##  "[file normalize "$origin_dir/../../ip_cores/etherbone-core/hdl/eb_slave_core/etherbone_pkg.vhd"]"\
##  "[file normalize "$origin_dir/../../ip_cores/etherbone-core/hdl/eb_slave_core/eb_eth_tx.vhd"]"\
##  "[file normalize "$origin_dir/../../modules/wr_streamers/xrx_streamer.vhd"]"\
##  "[file normalize "$origin_dir/../../ip_cores/general-cores/modules/wishbone/wb_axi4lite_bridge/axi4_pkg.vhd"]"\
##  "[file normalize "$origin_dir/../../platform/xilinx/wr_gtp_phy/spartan6/gtp_phase_align.vhd"]"\
##  "[file normalize "$origin_dir/../../platform/xilinx/wr_gtp_phy/family7-gtx/whiterabbit_gtxe2_channel_wrapper_gt.vhd"]"\
##  "[file normalize "$origin_dir/../../platform/xilinx/wr_gtp_phy/family7-gtp/whiterabbit_gtpe2_channel_wrapper.vhd"]"\
##  "[file normalize "$origin_dir/../../platform/xilinx/wr_xilinx_pkg.vhd"]"\
##  "[file normalize "$origin_dir/../../modules/wrc_core/xwr_core.vhd"]"\
##  "[file normalize "$origin_dir/../../modules/wr_dacs/spec_serial_dac.vhd"]"\
##  "[file normalize "$origin_dir/../../board/common/wr_board_pkg.vhd"]"\
##  "[file normalize "$origin_dir/../../ip_cores/etherbone-core/hdl/eb_slave_core/eb_ethernet_slave.vhd"]"\
##  "[file normalize "$origin_dir/../../modules/wr_streamers/xwr_streamers.vhd"]"\
##  "[file normalize "$origin_dir/../../ip_cores/general-cores/modules/wishbone/wb_axi4lite_bridge/xwb_axi4lite_bridge.vhd"]"\
##  "[file normalize "$origin_dir/../../platform/xilinx/wr_gtp_phy/family7-gtp/wr_gtp_phy_family7.vhd"]"\
##  "[file normalize "$origin_dir/../../platform/xilinx/wr_gtp_phy/family7-gtx/wr_gtx_phy_family7.vhd"]"\
##  "[file normalize "$origin_dir/../../platform/xilinx/wr_gtp_phy/spartan6/wr_gtp_phy_spartan6.vhd"]"\
##  "[file normalize "$origin_dir/../../modules/wr_dacs/spec_serial_dac_arb.vhd"]"\
##  "[file normalize "$origin_dir/../../board/common/xwrc_board_common.vhd"]"\
##  "[file normalize "$origin_dir/../../board/quabo/wr_quabo_pkg.vhd"]"\
##  "[file normalize "$origin_dir/../../platform/xilinx/xwrc_platform_xilinx.vhd"]"\
##  "[file normalize "$origin_dir/../../ip_cores/general-cores/modules/common/gc_reset.vhd"]"\
##  "[file normalize "$origin_dir/../../ip_cores/general-cores/modules/wishbone/wb_axi4lite_bridge/wb_axi4lite_bridge.vhd"]"\
##  "[file normalize "$origin_dir/../../board/quabo/xwrc_board_quabo.vhd"]"\
##  "[file normalize "$origin_dir/../../board/quabo/wrc_board_quabo.vhd"]"\
##  "[file normalize "$origin_dir/../../modules/wr_eca/eca_free.vhd"]"\
##  "[file normalize "$origin_dir/../../ip_cores/etherbone-core/hdl/eb_usb_core/ez_usb_fifos.vhd"]"\
##  "[file normalize "$origin_dir/../../ip_cores/general-cores/modules/wishbone/wb_spi/xwb_spi.vhd"]"\
##  "[file normalize "$origin_dir/../../ip_cores/general-cores/modules/wishbone/wb_simple_timer/wb_tics.vhd"]"\
##  "[file normalize "$origin_dir/../../modules/wr_eca/eca_msi.vhd"]"\
##  "[file normalize "$origin_dir/../../modules/wr_tlu/tlu_fsm.vhd"]"\
##  "[file normalize "$origin_dir/../../ip_cores/gn4124-core/hdl/gn4124core/rtl/spartan6/l2p_ser.vhd"]"\
##  "[file normalize "$origin_dir/../../ip_cores/general-cores/modules/wishbone/wb_irq/wb_irq_timer.vhd"]"\
##  "[file normalize "$origin_dir/../../modules/wr_eca/eca_ac_wbm_auto.vhd"]"\
##  "[file normalize "$origin_dir/../../modules/wr_eca/eca_wb_event.vhd"]"\
##  "[file normalize "$origin_dir/../../ip_cores/general-cores/modules/wishbone/wb_simple_pwm/simple_pwm_wbgen2_pkg.vhd"]"\
##  "[file normalize "$origin_dir/../../ip_cores/general-cores/modules/wishbone/wb_irq/wb_irq_master.vhd"]"\
##  "[file normalize "$origin_dir/../../ip_cores/etherbone-core/hdl/eb_slave_core/eb_raw_slave.vhd"]"\
##  "[file normalize "$origin_dir/../../ip_cores/general-cores/modules/wishbone/wb_i2c_master/wb_i2c_master.vhd"]"\
##  "[file normalize "$origin_dir/../../ip_cores/general-cores/modules/common/gc_async_signals_input_stage.vhd"]"\
##  "[file normalize "$origin_dir/../../modules/wr_tlu/tlu.vhd"]"\
##  "[file normalize "$origin_dir/../../ip_cores/general-cores/modules/wishbone/wb_simple_pwm/wb_simple_pwm.vhd"]"\
##  "[file normalize "$origin_dir/../../modules/wr_streamers/rx_streamer.vhd"]"\
##  "[file normalize "$origin_dir/../../ip_cores/general-cores/modules/genrams/xilinx/generic_spram.vhd"]"\
##  "[file normalize "$origin_dir/../../ip_cores/gn4124-core/hdl/gn4124core/rtl/spartan6/serdes_n_to_1_s2_se.vhd"]"\
##  "[file normalize "$origin_dir/../../ip_cores/general-cores/modules/common/gc_fsm_watchdog.vhd"]"\
##  "[file normalize "$origin_dir/../../ip_cores/general-cores/modules/common/gc_rr_arbiter.vhd"]"\
##  "[file normalize "$origin_dir/../../ip_cores/general-cores/modules/wishbone/wb_dma/xwb_dma.vhd"]"\
##  "[file normalize "$origin_dir/../../modules/wr_eca/eca_queue.vhd"]"\
##  "[file normalize "$origin_dir/../../modules/wr_eca/eca_auto_pkg.vhd"]"\
##  "[file normalize "$origin_dir/../../modules/fabric/xwrf_loopback/lbk_wishbone_controller.vhd"]"\
##  "[file normalize "$origin_dir/../../ip_cores/general-cores/modules/wishbone/wb_serial_lcd/wb_serial_lcd.vhd"]"\
##  "[file normalize "$origin_dir/../../ip_cores/etherbone-core/hdl/eb_master_core/eb_framer.vhd"]"\
##  "[file normalize "$origin_dir/../../ip_cores/general-cores/platform/xilinx/wb_xilinx_fpga_loader/xwb_xilinx_fpga_loader.vhd"]"\
##  "[file normalize "$origin_dir/../../ip_cores/general-cores/modules/common/gc_moving_average.vhd"]"\
##  "[file normalize "$origin_dir/../../ip_cores/etherbone-core/hdl/eb_master_core/eb_commit_len_fifo.vhd"]"\
##  "[file normalize "$origin_dir/../../modules/wr_eca/eca_tag_channel.vhd"]"\
##  "[file normalize "$origin_dir/../../ip_cores/general-cores/modules/common/gc_serial_dac.vhd"]"\
##  "[file normalize "$origin_dir/../../modules/wr_si57x_interface/xwr_si57x_interface.vhd"]"\
##  "[file normalize "$origin_dir/../../modules/wr_tbi_phy/dec_8b10b.vhd"]"\
##  "[file normalize "$origin_dir/../../modules/wr_tbi_phy/enc_8b10b.vhd"]"\
##  "[file normalize "$origin_dir/../../ip_cores/gn4124-core/hdl/gn4124core/rtl/spartan6/pulse_sync_rtl.vhd"]"\
##  "[file normalize "$origin_dir/../../ip_cores/general-cores/modules/wishbone/wbgen2/wbgen2_fifo_async.vhd"]"\
##  "[file normalize "$origin_dir/../../modules/wr_eca/eca_pkg.vhd"]"\
##  "[file normalize "$origin_dir/../../ip_cores/general-cores/modules/wishbone/wb_gpio_port/xwb_gpio_port.vhd"]"\
##  "[file normalize "$origin_dir/../../ip_cores/general-cores/modules/common/gc_prio_encoder.vhd"]"\
##  "[file normalize "$origin_dir/../../ip_cores/etherbone-core/hdl/eb_usb_core/ez_usb.vhd"]"\
##  "[file normalize "$origin_dir/../../ip_cores/etherbone-core/hdl/eb_master_core/eb_master_eth_tx.vhd"]"\
##  "[file normalize "$origin_dir/../../ip_cores/general-cores/modules/wishbone/wb_gpio_port/wb_gpio_port.vhd"]"\
##  "[file normalize "$origin_dir/../../ip_cores/general-cores/platform/xilinx/wb_xilinx_fpga_loader/wb_xilinx_fpga_loader.vhd"]"\
##  "[file normalize "$origin_dir/../../modules/fabric/xwrf_loopback/lbk_pkg.vhd"]"\
##  "[file normalize "$origin_dir/../../ip_cores/gn4124-core/hdl/gn4124core/rtl/spartan6/gn4124_core_pkg.vhd"]"\
##  "[file normalize "$origin_dir/../../ip_cores/etherbone-core/hdl/eb_usb_core/ez_usb_pkg.vhd"]"\
##  "[file normalize "$origin_dir/../../ip_cores/general-cores/modules/wishbone/wb_spi/spi_clgen.v"]"\
##  "[file normalize "$origin_dir/../../modules/wr_eca/eca_ac_wbm_auto_pkg.vhd"]"\
##  "[file normalize "$origin_dir/../../ip_cores/gn4124-core/hdl/gn4124core/rtl/p2l_dma_master.vhd"]"\
##  "[file normalize "$origin_dir/../../modules/wr_si57x_interface/si570_if_wbgen2_pkg.vhd"]"\
##  "[file normalize "$origin_dir/../../ip_cores/general-cores/modules/wishbone/wb_irq/wb_irq_lm32.vhd"]"\
##  "[file normalize "$origin_dir/../../ip_cores/general-cores/platform/xilinx/wb_xil_multiboot/multiboot_fsm.vhd"]"\
##  "[file normalize "$origin_dir/../../ip_cores/etherbone-core/hdl/eb_master_core/eb_master_top.vhd"]"\
##  "[file normalize "$origin_dir/../../ip_cores/general-cores/modules/common/gc_arbitrated_mux.vhd"]"\
##  "[file normalize "$origin_dir/../../ip_cores/general-cores/modules/wishbone/wb_vic/xwb_vic.vhd"]"\
##  "[file normalize "$origin_dir/../../ip_cores/general-cores/modules/wishbone/wb_i2c_bridge/wb_i2c_bridge.vhd"]"\
##  "[file normalize "$origin_dir/../../modules/wr_eca/eca.vhd"]"\
##  "[file normalize "$origin_dir/../../ip_cores/general-cores/modules/wishbone/wb_crossbar/xwb_register_link.vhd"]"\
##  "[file normalize "$origin_dir/../../ip_cores/gn4124-core/hdl/gn4124core/rtl/dma_controller.vhd"]"\
##  "[file normalize "$origin_dir/../../modules/wr_softpll_ng/spll_period_detect.vhd"]"\
##  "[file normalize "$origin_dir/../../modules/wr_eca/eca_ac_wbm.vhd"]"\
##  "[file normalize "$origin_dir/../../modules/timing/pulse_gen.vhd"]"\
##  "[file normalize "$origin_dir/../../ip_cores/gn4124-core/hdl/gn4124core/rtl/spartan6/gn4124_core.vhd"]"\
##  "[file normalize "$origin_dir/../../ip_cores/general-cores/modules/common/gc_single_reset_gen.vhd"]"\
##  "[file normalize "$origin_dir/../../ip_cores/general-cores/modules/common/gc_bicolor_led_ctrl.vhd"]"\
##  "[file normalize "$origin_dir/../../modules/wr_eca/eca_search.vhd"]"\
##  "[file normalize "$origin_dir/../../ip_cores/gn4124-core/hdl/gn4124core/rtl/dma_controller_wb_slave.vhd"]"\
##  "[file normalize "$origin_dir/../../ip_cores/general-cores/modules/wishbone/wb_i2c_master/xwb_i2c_master.vhd"]"\
##  "[file normalize "$origin_dir/../../modules/wr_endpoint/ep_rx_bypass_queue.vhd"]"\
##  "[file normalize "$origin_dir/../../modules/wr_streamers/tx_streamer.vhd"]"\
##  "[file normalize "$origin_dir/../../ip_cores/etherbone-core/hdl/eb_master_core/eb_master_slave_wrapper.vhd"]"\
##  "[file normalize "$origin_dir/../../modules/fabric/xwrf_loopback/wrf_loopback.vhd"]"\
##  "[file normalize "$origin_dir/../../modules/wr_tlu/tlu_pkg.vhd"]"\
##  "[file normalize "$origin_dir/../../ip_cores/general-cores/modules/wishbone/wb_async_bridge/xwb_async_bridge.vhd"]"\
##  "[file normalize "$origin_dir/../../ip_cores/general-cores/modules/wishbone/wb_bus_fanout/xwb_bus_fanout.vhd"]"\
##  "[file normalize "$origin_dir/../../ip_cores/general-cores/modules/wishbone/wb_simple_pwm/xwb_simple_pwm.vhd"]"\
##  "[file normalize "$origin_dir/../../modules/timing/multi_dmtd_with_deglitcher.vhd"]"\
##  "[file normalize "$origin_dir/../../ip_cores/etherbone-core/hdl/eb_master_core/eb_master_wb_if.vhd"]"\
##  "[file normalize "$origin_dir/../../modules/wr_eca/eca_channel.vhd"]"\
##  "[file normalize "$origin_dir/../../ip_cores/general-cores/platform/xilinx/wb_xilinx_fpga_loader/xloader_wb.vhd"]"\
##  "[file normalize "$origin_dir/../../modules/wr_eca/eca_auto.vhd"]"\
##  "[file normalize "$origin_dir/../../modules/wr_eca/eca_tlu.vhd"]"\
##  "[file normalize "$origin_dir/../../ip_cores/general-cores/modules/wishbone/wb_i2c_master/i2c_master_byte_ctrl.vhd"]"\
##  "[file normalize "$origin_dir/../../modules/fabric/xwrf_reg.vhd"]"\
##  "[file normalize "$origin_dir/../../modules/wr_si57x_interface/si570_if_wb.vhd"]"\
##  "[file normalize "$origin_dir/../../modules/wr_eca/eca_adder.vhd"]"\
##  "[file normalize "$origin_dir/../../ip_cores/general-cores/modules/wishbone/wb_irq/wb_irq_pkg.vhd"]"\
##  "[file normalize "$origin_dir/../../modules/wr_eca/eca_piso_fifo.vhd"]"\
##  "[file normalize "$origin_dir/../../ip_cores/general-cores/platform/xilinx/wb_xilinx_fpga_loader/xloader_registers_pkg.vhd"]"\
##  "[file normalize "$origin_dir/../../ip_cores/gn4124-core/hdl/spec/ip_cores/l2p_fifo.ngc"]"\
##  "[file normalize "$origin_dir/../../ip_cores/general-cores/modules/wishbone/wbgen2/wbgen2_dpssram.vhd"]"\
##  "[file normalize "$origin_dir/../../modules/wr_eca/eca_tlu_auto.vhd"]"\
##  "[file normalize "$origin_dir/../../ip_cores/general-cores/modules/common/gc_dual_pi_controller.vhd"]"\
##  "[file normalize "$origin_dir/../../ip_cores/general-cores/modules/common/gc_glitch_filt.vhd"]"\
##  "[file normalize "$origin_dir/../../ip_cores/gn4124-core/hdl/gn4124core/rtl/l2p_dma_master.vhd"]"\
##  "[file normalize "$origin_dir/../../ip_cores/general-cores/modules/common/gc_word_packer.vhd"]"\
##  "[file normalize "$origin_dir/../../ip_cores/general-cores/modules/common/gc_i2c_slave.vhd"]"\
##  "[file normalize "$origin_dir/../../ip_cores/general-cores/modules/wishbone/wb_vic/wb_slave_vic.vhd"]"\
##  "[file normalize "$origin_dir/../../modules/wr_eca/eca_sdp.vhd"]"\
##  "[file normalize "$origin_dir/../../modules/wr_eca/eca_data.vhd"]"\
##  "[file normalize "$origin_dir/../../ip_cores/general-cores/modules/wishbone/wb_crossbar/wb_skidpad.vhd"]"\
##  "[file normalize "$origin_dir/../../modules/fabric/xwrf_loopback/xwrf_loopback.vhd"]"\
##  "[file normalize "$origin_dir/../../ip_cores/general-cores/modules/wishbone/wb_irq/wb_irq_slave.vhd"]"\
##  "[file normalize "$origin_dir/../../ip_cores/general-cores/modules/wishbone/wb_lm32/src/lm32_mc_arithmetic.v"]"\
##  "[file normalize "$origin_dir/../../ip_cores/gn4124-core/hdl/gn4124core/rtl/spartan6/serdes_n_to_1_s2_diff.vhd"]"\
##  "[file normalize "$origin_dir/../../ip_cores/general-cores/modules/common/matrix_pkg.vhd"]"\
##  "[file normalize "$origin_dir/../../ip_cores/general-cores/platform/xilinx/wb_xil_multiboot/xwb_xil_multiboot.vhd"]"\
##  "[file normalize "$origin_dir/../../ip_cores/general-cores/modules/common/gc_big_adder.vhd"]"\
##  "[file normalize "$origin_dir/../../modules/wr_eca/eca_queue_auto.vhd"]"\
##  "[file normalize "$origin_dir/../../ip_cores/general-cores/modules/wishbone/wb_i2c_master/i2c_master_bit_ctrl.vhd"]"\
##  "[file normalize "$origin_dir/../../ip_cores/general-cores/modules/wishbone/wb_simple_timer/xwb_tics.vhd"]"\
##  "[file normalize "$origin_dir/../../modules/wr_eca/eca_walker.vhd"]"\
##  "[file normalize "$origin_dir/../../ip_cores/general-cores/modules/wishbone/wbgenplus/wbgenplus_pkg.vhd"]"\
##  "[file normalize "$origin_dir/../../ip_cores/gn4124-core/hdl/gn4124core/rtl/spartan6/p2l_des.vhd"]"\
##  "[file normalize "$origin_dir/../../modules/wr_eca/eca_tlu_fsm.vhd"]"\
##  "[file normalize "$origin_dir/../../ip_cores/etherbone-core/hdl/eb_master_core/eb_record_gen.vhd"]"\
##  "[file normalize "$origin_dir/../../platform/xilinx/chipscope/chipscope_icon.ngc"]"\
##  "[file normalize "$origin_dir/../../ip_cores/gn4124-core/hdl/gn4124core/rtl/l2p_arbiter.vhd"]"\
##  "[file normalize "$origin_dir/../../ip_cores/general-cores/modules/wishbone/wb_dma/xwb_streamer.vhd"]"\
##  "[file normalize "$origin_dir/../../modules/wr_eca/wr_eca.vhd"]"\
##  "[file normalize "$origin_dir/../../modules/wr_eca/eca_offset.vhd"]"\
##  "[file normalize "$origin_dir/../../ip_cores/general-cores/modules/common/gc_dyn_glitch_filt.vhd"]"\
##  "[file normalize "$origin_dir/../../ip_cores/general-cores/modules/wishbone/wb_simple_pwm/simple_pwm_wb.vhd"]"\
##  "[file normalize "$origin_dir/../../ip_cores/general-cores/modules/wishbone/wb_async_bridge/wb_async_bridge.vhd"]"\
##  "[file normalize "$origin_dir/../../modules/wr_eca/eca_scan.vhd"]"\
##  "[file normalize "$origin_dir/../../ip_cores/gn4124-core/hdl/gn4124core/rtl/wbmaster32.vhd"]"\
##  "[file normalize "$origin_dir/../../modules/wr_eca/eca_scubus_channel.vhd"]"\
##  "[file normalize "$origin_dir/../../ip_cores/general-cores/modules/wishbone/wb_spi/spi_top.v"]"\
##  "[file normalize "$origin_dir/../../ip_cores/gn4124-core/hdl/gn4124core/rtl/spartan6/serdes_1_to_n_clk_pll_s2_diff.vhd"]"\
##  "[file normalize "$origin_dir/../../ip_cores/general-cores/modules/wishbone/wb_irq/irqm_core.vhd"]"\
##  "[file normalize "$origin_dir/../../ip_cores/general-cores/modules/wishbone/wb_clock_crossing/xwb_clock_crossing.vhd"]"\
##  "[file normalize "$origin_dir/../../modules/wr_eca/eca_rmw.vhd"]"\
##  "[file normalize "$origin_dir/../../ip_cores/general-cores/platform/xilinx/wb_xil_multiboot/multiboot_regs.vhd"]"\
##  "[file normalize "$origin_dir/../../ip_cores/general-cores/modules/wishbone/wb_spi/wb_spi.vhd"]"\
##  "[file normalize "$origin_dir/../../modules/wr_eca/eca_tlu_auto_pkg.vhd"]"\
##  "[file normalize "$origin_dir/../../modules/wr_tbi_phy/wr_tbi_phy.vhd"]"\
##  "[file normalize "$origin_dir/../../platform/xilinx/chipscope/chipscope_ila.ngc"]"\
##  "[file normalize "$origin_dir/../../modules/wr_eca/eca_queue_auto_pkg.vhd"]"\
##  "[file normalize "$origin_dir/../../modules/timing/hpll_period_detect.vhd"]"\
##  "[file normalize "$origin_dir/../../ip_cores/general-cores/modules/wishbone/wb_spi_flash/wb_spi_flash.vhd"]"\
##  "[file normalize "$origin_dir/../../ip_cores/general-cores/modules/wishbone/wb_spi/spi_shift.v"]"\
##  "[file normalize "$origin_dir/../../ip_cores/gn4124-core/hdl/gn4124core/rtl/p2l_decode32.vhd"]"\
##  "[file normalize "$origin_dir/../../modules/wr_si57x_interface/wr_si57x_interface.vhd"]"\
##  "[file normalize "$origin_dir/../../ip_cores/general-cores/modules/common/gc_delay_gen.vhd"]"\
##  "[file normalize "$origin_dir/../../modules/wr_mini_nic/minic_packet_buffer.vhd"]"\
##  "[file normalize "$origin_dir/../../modules/wr_eca/eca_internals_pkg.vhd"]"\
##  "[file normalize "$origin_dir/../../ip_cores/general-cores/platform/xilinx/wb_xil_multiboot/spi_master.vhd"]"\
##  "[file normalize "$origin_dir/../../ip_cores/etherbone-core/hdl/eb_slave_core/eb_slave_core.vhd"]"\
##  "[file normalize "$origin_dir/../../ip_cores/gn4124-core/hdl/gn4124core/rtl/spartan6/serdes_1_to_n_data_s2_se.vhd"]"\
##  "[file normalize "$origin_dir/../../ip_cores/general-cores/modules/wishbone/wb_vic/wb_vic.vhd"]"\
##  "[file normalize "$origin_dir/../../ip_cores/general-cores/modules/wishbone/wb_i2c_master/i2c_master_top.vhd"]"\
##  "[file normalize "$origin_dir/../../modules/wr_eca/eca_tdp.vhd"]"\
##  "[file normalize "$origin_dir/../../ip_cores/general-cores/modules/wishbone/wb_vic/vic_prio_enc.vhd"]"\
##  "[file normalize "$origin_dir/../../modules/wr_eca/eca_wr_time.vhd"]"\
## ]
## add_files -norecurse -fileset $obj $files
## set file "genrams/genram_pkg.vhd"
## set file_obj [get_files -of_objects [get_filesets sources_1] [list "*$file"]]
## set_property "file_type" "VHDL" $file_obj
## set file "wishbone/wishbone_pkg.vhd"
## set file_obj [get_files -of_objects [get_filesets sources_1] [list "*$file"]]
## set_property "file_type" "VHDL" $file_obj
## set file "genrams/memory_loader_pkg.vhd"
## set file_obj [get_files -of_objects [get_filesets sources_1] [list "*$file"]]
## set_property "file_type" "VHDL" $file_obj
## set file "xilinx/generic_dpram_sameclock.vhd"
## set file_obj [get_files -of_objects [get_filesets sources_1] [list "*$file"]]
## set_property "file_type" "VHDL" $file_obj
## set file "xilinx/generic_dpram_split.vhd"
## set file_obj [get_files -of_objects [get_filesets sources_1] [list "*$file"]]
## set_property "file_type" "VHDL" $file_obj
## set file "xilinx/generic_dpram_dualclock.vhd"
## set file_obj [get_files -of_objects [get_filesets sources_1] [list "*$file"]]
## set_property "file_type" "VHDL" $file_obj
## set file "fabric/wr_fabric_pkg.vhd"
## set file_obj [get_files -of_objects [get_filesets sources_1] [list "*$file"]]
## set_property "file_type" "VHDL" $file_obj
## set file "wr_endpoint/endpoint_pkg.vhd"
## set file_obj [get_files -of_objects [get_filesets sources_1] [list "*$file"]]
## set_property "file_type" "VHDL" $file_obj
## set file "wr_endpoint/ep_registers_pkg.vhd"
## set file_obj [get_files -of_objects [get_filesets sources_1] [list "*$file"]]
## set_property "file_type" "VHDL" $file_obj
## set file "common/gc_sync_register.vhd"
## set file_obj [get_files -of_objects [get_filesets sources_1] [list "*$file"]]
## set_property "file_type" "VHDL" $file_obj
## set file "common/gc_sync_ffs.vhd"
## set file_obj [get_files -of_objects [get_filesets sources_1] [list "*$file"]]
## set_property "file_type" "VHDL" $file_obj
## set file "common/gencores_pkg.vhd"
## set file_obj [get_files -of_objects [get_filesets sources_1] [list "*$file"]]
## set_property "file_type" "VHDL" $file_obj
## set file "xilinx/generic_dpram.vhd"
## set file_obj [get_files -of_objects [get_filesets sources_1] [list "*$file"]]
## set_property "file_type" "VHDL" $file_obj
## set file "wr_endpoint/endpoint_private_pkg.vhd"
## set file_obj [get_files -of_objects [get_filesets sources_1] [list "*$file"]]
## set_property "file_type" "VHDL" $file_obj
## set file "common/inferred_sync_fifo.vhd"
## set file_obj [get_files -of_objects [get_filesets sources_1] [list "*$file"]]
## set_property "file_type" "VHDL" $file_obj
## set file "common/inferred_async_fifo.vhd"
## set file_obj [get_files -of_objects [get_filesets sources_1] [list "*$file"]]
## set_property "file_type" "VHDL" $file_obj
## set file "common/gc_pulse_synchronizer.vhd"
## set file_obj [get_files -of_objects [get_filesets sources_1] [list "*$file"]]
## set_property "file_type" "VHDL" $file_obj
## set file "generic/generic_sync_fifo.vhd"
## set file_obj [get_files -of_objects [get_filesets sources_1] [list "*$file"]]
## set_property "file_type" "VHDL" $file_obj
## set file "generic/generic_async_fifo.vhd"
## set file_obj [get_files -of_objects [get_filesets sources_1] [list "*$file"]]
## set_property "file_type" "VHDL" $file_obj
## set file "wbgen2/wbgen2_pkg.vhd"
## set file_obj [get_files -of_objects [get_filesets sources_1] [list "*$file"]]
## set_property "file_type" "VHDL" $file_obj
## set file "xilinx/gc_shiftreg.vhd"
## set file_obj [get_files -of_objects [get_filesets sources_1] [list "*$file"]]
## set_property "file_type" "VHDL" $file_obj
## set file "common/gc_crc_gen.vhd"
## set file_obj [get_files -of_objects [get_filesets sources_1] [list "*$file"]]
## set_property "file_type" "VHDL" $file_obj
## set file "wr_endpoint/ep_sync_detect.vhd"
## set file_obj [get_files -of_objects [get_filesets sources_1] [list "*$file"]]
## set_property "file_type" "VHDL" $file_obj
## set file "wb_uart/simple_uart_pkg.vhd"
## set file_obj [get_files -of_objects [get_filesets sources_1] [list "*$file"]]
## set_property "file_type" "VHDL" $file_obj
## set file "wr_endpoint/ep_crc32_pkg.vhd"
## set file_obj [get_files -of_objects [get_filesets sources_1] [list "*$file"]]
## set_property "file_type" "VHDL" $file_obj
## set file "wr_endpoint/ep_sync_detect_16bit.vhd"
## set file_obj [get_files -of_objects [get_filesets sources_1] [list "*$file"]]
## set_property "file_type" "VHDL" $file_obj
## set file "common/gc_extend_pulse.vhd"
## set file_obj [get_files -of_objects [get_filesets sources_1] [list "*$file"]]
## set_property "file_type" "VHDL" $file_obj
## set file "wr_endpoint/ep_rtu_header_extract.vhd"
## set file_obj [get_files -of_objects [get_filesets sources_1] [list "*$file"]]
## set_property "file_type" "VHDL" $file_obj
## set file "xilinx/generic_simple_dpram.vhd"
## set file_obj [get_files -of_objects [get_filesets sources_1] [list "*$file"]]
## set_property "file_type" "VHDL" $file_obj
## set file "wb_uart/uart_async_tx.vhd"
## set file_obj [get_files -of_objects [get_filesets sources_1] [list "*$file"]]
## set_property "file_type" "VHDL" $file_obj
## set file "timing/dmtd_with_deglitcher.vhd"
## set file_obj [get_files -of_objects [get_filesets sources_1] [list "*$file"]]
## set_property "file_type" "VHDL" $file_obj
## set file "wr_endpoint/ep_rx_status_reg_insert.vhd"
## set file_obj [get_files -of_objects [get_filesets sources_1] [list "*$file"]]
## set_property "file_type" "VHDL" $file_obj
## set file "wr_endpoint/ep_autonegotiation.vhd"
## set file_obj [get_files -of_objects [get_filesets sources_1] [list "*$file"]]
## set_property "file_type" "VHDL" $file_obj
## set file "wr_endpoint/ep_tx_crc_inserter.vhd"
## set file_obj [get_files -of_objects [get_filesets sources_1] [list "*$file"]]
## set_property "file_type" "VHDL" $file_obj
## set file "wr_endpoint/ep_ts_counter.vhd"
## set file_obj [get_files -of_objects [get_filesets sources_1] [list "*$file"]]
## set_property "file_type" "VHDL" $file_obj
## set file "wr_endpoint/ep_packet_filter.vhd"
## set file_obj [get_files -of_objects [get_filesets sources_1] [list "*$file"]]
## set_property "file_type" "VHDL" $file_obj
## set file "wr_endpoint/ep_tx_pcs_16bit.vhd"
## set file_obj [get_files -of_objects [get_filesets sources_1] [list "*$file"]]
## set_property "file_type" "VHDL" $file_obj
## set file "common/gc_pulse_synchronizer2.vhd"
## set file_obj [get_files -of_objects [get_filesets sources_1] [list "*$file"]]
## set_property "file_type" "VHDL" $file_obj
## set file "wr_endpoint/ep_rx_crc_size_check.vhd"
## set file_obj [get_files -of_objects [get_filesets sources_1] [list "*$file"]]
## set_property "file_type" "VHDL" $file_obj
## set file "wr_endpoint/ep_rx_wb_master.vhd"
## set file_obj [get_files -of_objects [get_filesets sources_1] [list "*$file"]]
## set_property "file_type" "VHDL" $file_obj
## set file "wr_endpoint/ep_tx_pcs_8bit.vhd"
## set file_obj [get_files -of_objects [get_filesets sources_1] [list "*$file"]]
## set_property "file_type" "VHDL" $file_obj
## set file "wr_endpoint/ep_tx_vlan_unit.vhd"
## set file_obj [get_files -of_objects [get_filesets sources_1] [list "*$file"]]
## set_property "file_type" "VHDL" $file_obj
## set file "wr_softpll_ng/spll_wbgen2_pkg.vhd"
## set file_obj [get_files -of_objects [get_filesets sources_1] [list "*$file"]]
## set_property "file_type" "VHDL" $file_obj
## set file "wr_endpoint/ep_clock_alignment_fifo.vhd"
## set file_obj [get_files -of_objects [get_filesets sources_1] [list "*$file"]]
## set_property "file_type" "VHDL" $file_obj
## set file "wbgen2/wbgen2_fifo_sync.vhd"
## set file_obj [get_files -of_objects [get_filesets sources_1] [list "*$file"]]
## set_property "file_type" "VHDL" $file_obj
## set file "common/generic_shiftreg_fifo.vhd"
## set file_obj [get_files -of_objects [get_filesets sources_1] [list "*$file"]]
## set_property "file_type" "VHDL" $file_obj
## set file "wbgen2/wbgen2_eic.vhd"
## set file_obj [get_files -of_objects [get_filesets sources_1] [list "*$file"]]
## set_property "file_type" "VHDL" $file_obj
## set file "wr_endpoint/ep_tx_inject_ctrl.vhd"
## set file_obj [get_files -of_objects [get_filesets sources_1] [list "*$file"]]
## set_property "file_type" "VHDL" $file_obj
## set file "wr_endpoint/ep_rx_oob_insert.vhd"
## set file_obj [get_files -of_objects [get_filesets sources_1] [list "*$file"]]
## set_property "file_type" "VHDL" $file_obj
## set file "wr_endpoint/ep_tx_header_processor.vhd"
## set file_obj [get_files -of_objects [get_filesets sources_1] [list "*$file"]]
## set_property "file_type" "VHDL" $file_obj
## set file "wr_endpoint/ep_rx_pcs_8bit.vhd"
## set file_obj [get_files -of_objects [get_filesets sources_1] [list "*$file"]]
## set_property "file_type" "VHDL" $file_obj
## set file "wr_endpoint/ep_rx_early_address_match.vhd"
## set file_obj [get_files -of_objects [get_filesets sources_1] [list "*$file"]]
## set_property "file_type" "VHDL" $file_obj
## set file "wrc_core/wrc_diags_pkg.vhd"
## set file_obj [get_files -of_objects [get_filesets sources_1] [list "*$file"]]
## set_property "file_type" "VHDL" $file_obj
## set file "wb_uart/uart_baud_gen.vhd"
## set file_obj [get_files -of_objects [get_filesets sources_1] [list "*$file"]]
## set_property "file_type" "VHDL" $file_obj
## set file "wr_endpoint/ep_rx_vlan_unit.vhd"
## set file_obj [get_files -of_objects [get_filesets sources_1] [list "*$file"]]
## set_property "file_type" "VHDL" $file_obj
## set file "eb_slave_core/eb_hdr_pkg.vhd"
## set file_obj [get_files -of_objects [get_filesets sources_1] [list "*$file"]]
## set_property "file_type" "VHDL" $file_obj
## set file "wrc_core/wrc_syscon_pkg.vhd"
## set file_obj [get_files -of_objects [get_filesets sources_1] [list "*$file"]]
## set_property "file_type" "VHDL" $file_obj
## set file "wr_endpoint/ep_pcs_tbi_mdio_wb.vhd"
## set file_obj [get_files -of_objects [get_filesets sources_1] [list "*$file"]]
## set_property "file_type" "VHDL" $file_obj
## set file "wb_uart/uart_async_rx.vhd"
## set file_obj [get_files -of_objects [get_filesets sources_1] [list "*$file"]]
## set_property "file_type" "VHDL" $file_obj
## set file "wr_endpoint/ep_rx_pcs_16bit.vhd"
## set file_obj [get_files -of_objects [get_filesets sources_1] [list "*$file"]]
## set_property "file_type" "VHDL" $file_obj
## set file "wr_endpoint/ep_tx_packet_injection.vhd"
## set file_obj [get_files -of_objects [get_filesets sources_1] [list "*$file"]]
## set_property "file_type" "VHDL" $file_obj
## set file "wb_uart/simple_uart_wb.vhd"
## set file_obj [get_files -of_objects [get_filesets sources_1] [list "*$file"]]
## set_property "file_type" "VHDL" $file_obj
## set file "wr_mini_nic/minic_wbgen2_pkg.vhd"
## set file_obj [get_files -of_objects [get_filesets sources_1] [list "*$file"]]
## set_property "file_type" "VHDL" $file_obj
## set file "wr_endpoint/ep_rx_buffer.vhd"
## set file_obj [get_files -of_objects [get_filesets sources_1] [list "*$file"]]
## set_property "file_type" "VHDL" $file_obj
## set file "wr_softpll_ng/softpll_pkg.vhd"
## set file_obj [get_files -of_objects [get_filesets sources_1] [list "*$file"]]
## set_property "file_type" "VHDL" $file_obj
## set file "wb_slave_adapter/wb_slave_adapter.vhd"
## set file_obj [get_files -of_objects [get_filesets sources_1] [list "*$file"]]
## set_property "file_type" "VHDL" $file_obj
## set file "wr_endpoint/ep_wishbone_controller.vhd"
## set file_obj [get_files -of_objects [get_filesets sources_1] [list "*$file"]]
## set_property "file_type" "VHDL" $file_obj
## set file "src/lm32_ram.vhd"
## set file_obj [get_files -of_objects [get_filesets sources_1] [list "*$file"]]
## set_property "file_type" "VHDL" $file_obj
## set file "wr_softpll_ng/spll_aligner.vhd"
## set file_obj [get_files -of_objects [get_filesets sources_1] [list "*$file"]]
## set_property "file_type" "VHDL" $file_obj
## set file "timing/dmtd_phase_meas.vhd"
## set file_obj [get_files -of_objects [get_filesets sources_1] [list "*$file"]]
## set_property "file_type" "VHDL" $file_obj
## set file "wrc_core/wrcore_pkg.vhd"
## set file_obj [get_files -of_objects [get_filesets sources_1] [list "*$file"]]
## set_property "file_type" "VHDL" $file_obj
## set file "wr_softpll_ng/spll_wb_slave.vhd"
## set file_obj [get_files -of_objects [get_filesets sources_1] [list "*$file"]]
## set_property "file_type" "VHDL" $file_obj
## set file "src/lm32_dp_ram.vhd"
## set file_obj [get_files -of_objects [get_filesets sources_1] [list "*$file"]]
## set_property "file_type" "VHDL" $file_obj
## set file "wr_endpoint/ep_leds_controller.vhd"
## set file_obj [get_files -of_objects [get_filesets sources_1] [list "*$file"]]
## set_property "file_type" "VHDL" $file_obj
## set file "wr_endpoint/ep_tx_path.vhd"
## set file_obj [get_files -of_objects [get_filesets sources_1] [list "*$file"]]
## set_property "file_type" "VHDL" $file_obj
## set file "wr_mini_nic/minic_wb_slave.vhd"
## set file_obj [get_files -of_objects [get_filesets sources_1] [list "*$file"]]
## set_property "file_type" "VHDL" $file_obj
## set file "wr_endpoint/ep_rx_path.vhd"
## set file_obj [get_files -of_objects [get_filesets sources_1] [list "*$file"]]
## set_property "file_type" "VHDL" $file_obj
## set file "wrc_core/wrc_diags_wb.vhd"
## set file_obj [get_files -of_objects [get_filesets sources_1] [list "*$file"]]
## set_property "file_type" "VHDL" $file_obj
## set file "eb_slave_core/eb_internals_pkg.vhd"
## set file_obj [get_files -of_objects [get_filesets sources_1] [list "*$file"]]
## set_property "file_type" "VHDL" $file_obj
## set file "wr_endpoint/ep_1000basex_pcs.vhd"
## set file_obj [get_files -of_objects [get_filesets sources_1] [list "*$file"]]
## set_property "file_type" "VHDL" $file_obj
## set file "common/gc_frequency_meter.vhd"
## set file_obj [get_files -of_objects [get_filesets sources_1] [list "*$file"]]
## set_property "file_type" "VHDL" $file_obj
## set file "wr_endpoint/ep_timestamping_unit.vhd"
## set file_obj [get_files -of_objects [get_filesets sources_1] [list "*$file"]]
## set_property "file_type" "VHDL" $file_obj
## set file "wb_uart/wb_simple_uart.vhd"
## set file_obj [get_files -of_objects [get_filesets sources_1] [list "*$file"]]
## set_property "file_type" "VHDL" $file_obj
## set file "wb_onewire_master/wb_onewire_master.vhd"
## set file_obj [get_files -of_objects [get_filesets sources_1] [list "*$file"]]
## set_property "file_type" "VHDL" $file_obj
## set file "wr_pps_gen/pps_gen_wb.vhd"
## set file_obj [get_files -of_objects [get_filesets sources_1] [list "*$file"]]
## set_property "file_type" "VHDL" $file_obj
## set file "wrc_core/wrc_syscon_wb.vhd"
## set file_obj [get_files -of_objects [get_filesets sources_1] [list "*$file"]]
## set_property "file_type" "VHDL" $file_obj
## set file "wr_pps_gen/wr_pps_gen.vhd"
## set file_obj [get_files -of_objects [get_filesets sources_1] [list "*$file"]]
## set_property "file_type" "VHDL" $file_obj
## set file "wr_endpoint/wr_endpoint.vhd"
## set file_obj [get_files -of_objects [get_filesets sources_1] [list "*$file"]]
## set_property "file_type" "VHDL" $file_obj
## set file "wb_crossbar/sdb_rom.vhd"
## set file_obj [get_files -of_objects [get_filesets sources_1] [list "*$file"]]
## set_property "file_type" "VHDL" $file_obj
## set file "wb_crossbar/xwb_crossbar.vhd"
## set file_obj [get_files -of_objects [get_filesets sources_1] [list "*$file"]]
## set_property "file_type" "VHDL" $file_obj
## set file "wb_uart/xwb_simple_uart.vhd"
## set file_obj [get_files -of_objects [get_filesets sources_1] [list "*$file"]]
## set_property "file_type" "VHDL" $file_obj
## set file "eb_slave_core/eb_fifo.vhd"
## set file_obj [get_files -of_objects [get_filesets sources_1] [list "*$file"]]
## set_property "file_type" "VHDL" $file_obj
## set file "wr_streamers/wr_streamers_wbgen2_pkg.vhd"
## set file_obj [get_files -of_objects [get_filesets sources_1] [list "*$file"]]
## set_property "file_type" "VHDL" $file_obj
## set file "wr_streamers/streamers_pkg.vhd"
## set file_obj [get_files -of_objects [get_filesets sources_1] [list "*$file"]]
## set_property "file_type" "VHDL" $file_obj
## set file "wrc_core/xwrc_diags_wb.vhd"
## set file_obj [get_files -of_objects [get_filesets sources_1] [list "*$file"]]
## set_property "file_type" "VHDL" $file_obj
## set file "wr_softpll_ng/wr_softpll_ng.vhd"
## set file_obj [get_files -of_objects [get_filesets sources_1] [list "*$file"]]
## set_property "file_type" "VHDL" $file_obj
## set file "wr_mini_nic/wr_mini_nic.vhd"
## set file_obj [get_files -of_objects [get_filesets sources_1] [list "*$file"]]
## set_property "file_type" "VHDL" $file_obj
## set file "wb_onewire_master/xwb_onewire_master.vhd"
## set file_obj [get_files -of_objects [get_filesets sources_1] [list "*$file"]]
## set_property "file_type" "VHDL" $file_obj
## set file "family7-gtp/whiterabbit_gtpe2_channel_wrapper_gtrxreset_seq.vhd"
## set file_obj [get_files -of_objects [get_filesets sources_1] [list "*$file"]]
## set_property "file_type" "VHDL" $file_obj
## set file "wr_streamers/xtx_streamers_stats.vhd"
## set file_obj [get_files -of_objects [get_filesets sources_1] [list "*$file"]]
## set_property "file_type" "VHDL" $file_obj
## set file "eb_slave_core/eb_cfg_fifo.vhd"
## set file_obj [get_files -of_objects [get_filesets sources_1] [list "*$file"]]
## set_property "file_type" "VHDL" $file_obj
## set file "wr_streamers/escape_detector.vhd"
## set file_obj [get_files -of_objects [get_filesets sources_1] [list "*$file"]]
## set_property "file_type" "VHDL" $file_obj
## set file "eb_slave_core/eb_pass_fifo.vhd"
## set file_obj [get_files -of_objects [get_filesets sources_1] [list "*$file"]]
## set_property "file_type" "VHDL" $file_obj
## set file "eb_slave_core/eb_slave_fsm.vhd"
## set file_obj [get_files -of_objects [get_filesets sources_1] [list "*$file"]]
## set_property "file_type" "VHDL" $file_obj
## set file "wrc_core/wrc_periph.vhd"
## set file_obj [get_files -of_objects [get_filesets sources_1] [list "*$file"]]
## set_property "file_type" "VHDL" $file_obj
## set file "wr_streamers/xrx_streamers_stats.vhd"
## set file_obj [get_files -of_objects [get_filesets sources_1] [list "*$file"]]
## set_property "file_type" "VHDL" $file_obj
## set file "wr_softpll_ng/xwr_softpll_ng.vhd"
## set file_obj [get_files -of_objects [get_filesets sources_1] [list "*$file"]]
## set_property "file_type" "VHDL" $file_obj
## set file "fabric/xwb_fabric_sink.vhd"
## set file_obj [get_files -of_objects [get_filesets sources_1] [list "*$file"]]
## set_property "file_type" "VHDL" $file_obj
## set file "wr_pps_gen/xwr_pps_gen.vhd"
## set file_obj [get_files -of_objects [get_filesets sources_1] [list "*$file"]]
## set_property "file_type" "VHDL" $file_obj
## set file "eb_slave_core/eb_wbm_fifo.vhd"
## set file_obj [get_files -of_objects [get_filesets sources_1] [list "*$file"]]
## set_property "file_type" "VHDL" $file_obj
## set file "wr_streamers/escape_inserter.vhd"
## set file_obj [get_files -of_objects [get_filesets sources_1] [list "*$file"]]
## set_property "file_type" "VHDL" $file_obj
## set file "eb_slave_core/eb_tag_fifo.vhd"
## set file_obj [get_files -of_objects [get_filesets sources_1] [list "*$file"]]
## set_property "file_type" "VHDL" $file_obj
## set file "fabric/xwb_fabric_source.vhd"
## set file_obj [get_files -of_objects [get_filesets sources_1] [list "*$file"]]
## set_property "file_type" "VHDL" $file_obj
## set file "wr_streamers/dropping_buffer.vhd"
## set file_obj [get_files -of_objects [get_filesets sources_1] [list "*$file"]]
## set_property "file_type" "VHDL" $file_obj
## set file "eb_slave_core/eb_commit_fifo.vhd"
## set file_obj [get_files -of_objects [get_filesets sources_1] [list "*$file"]]
## set_property "file_type" "VHDL" $file_obj
## set file "wb_dpram/xwb_dpram.vhd"
## set file_obj [get_files -of_objects [get_filesets sources_1] [list "*$file"]]
## set_property "file_type" "VHDL" $file_obj
## set file "wr_mini_nic/xwr_mini_nic.vhd"
## set file_obj [get_files -of_objects [get_filesets sources_1] [list "*$file"]]
## set_property "file_type" "VHDL" $file_obj
## set file "generated/xwb_lm32.vhd"
## set file_obj [get_files -of_objects [get_filesets sources_1] [list "*$file"]]
## set_property "file_type" "VHDL" $file_obj
## set file "eb_slave_core/eb_checksum.vhd"
## set file_obj [get_files -of_objects [get_filesets sources_1] [list "*$file"]]
## set_property "file_type" "VHDL" $file_obj
## set file "timing/pulse_stamper.vhd"
## set file_obj [get_files -of_objects [get_filesets sources_1] [list "*$file"]]
## set_property "file_type" "VHDL" $file_obj
## set file "fabric/xwrf_mux.vhd"
## set file_obj [get_files -of_objects [get_filesets sources_1] [list "*$file"]]
## set_property "file_type" "VHDL" $file_obj
## set file "wr_endpoint/xwr_endpoint.vhd"
## set file_obj [get_files -of_objects [get_filesets sources_1] [list "*$file"]]
## set_property "file_type" "VHDL" $file_obj
## set file "wr_streamers/streamers_priv_pkg.vhd"
## set file_obj [get_files -of_objects [get_filesets sources_1] [list "*$file"]]
## set_property "file_type" "VHDL" $file_obj
## set file "eb_slave_core/eb_tx_mux.vhd"
## set file_obj [get_files -of_objects [get_filesets sources_1] [list "*$file"]]
## set_property "file_type" "VHDL" $file_obj
## set file "wb_crossbar/xwb_sdb_crossbar.vhd"
## set file_obj [get_files -of_objects [get_filesets sources_1] [list "*$file"]]
## set_property "file_type" "VHDL" $file_obj
## set file "family7-gtp/whiterabbit_gtpe2_channel_wrapper_gt.vhd"
## set file_obj [get_files -of_objects [get_filesets sources_1] [list "*$file"]]
## set_property "file_type" "VHDL" $file_obj
## set file "spartan6/whiterabbitgtp_wrapper_tile_spartan6.vhd"
## set file_obj [get_files -of_objects [get_filesets sources_1] [list "*$file"]]
## set_property "file_type" "VHDL" $file_obj
## set file "wr_gtp_phy/gtp_bitslide.vhd"
## set file_obj [get_files -of_objects [get_filesets sources_1] [list "*$file"]]
## set_property "file_type" "VHDL" $file_obj
## set file "wr_tbi_phy/disparity_gen_pkg.vhd"
## set file_obj [get_files -of_objects [get_filesets sources_1] [list "*$file"]]
## set_property "file_type" "VHDL" $file_obj
## set file "eb_slave_core/eb_stream_widen.vhd"
## set file_obj [get_files -of_objects [get_filesets sources_1] [list "*$file"]]
## set_property "file_type" "VHDL" $file_obj
## set file "eb_slave_core/eb_eth_rx.vhd"
## set file_obj [get_files -of_objects [get_filesets sources_1] [list "*$file"]]
## set_property "file_type" "VHDL" $file_obj
## set file "wrc_core/wr_core.vhd"
## set file_obj [get_files -of_objects [get_filesets sources_1] [list "*$file"]]
## set_property "file_type" "VHDL" $file_obj
## set file "eb_slave_core/eb_slave_top.vhd"
## set file_obj [get_files -of_objects [get_filesets sources_1] [list "*$file"]]
## set_property "file_type" "VHDL" $file_obj
## set file "eb_slave_core/eb_stream_narrow.vhd"
## set file_obj [get_files -of_objects [get_filesets sources_1] [list "*$file"]]
## set_property "file_type" "VHDL" $file_obj
## set file "wr_streamers/xrtx_streamers_stats.vhd"
## set file_obj [get_files -of_objects [get_filesets sources_1] [list "*$file"]]
## set_property "file_type" "VHDL" $file_obj
## set file "wr_streamers/xtx_streamer.vhd"
## set file_obj [get_files -of_objects [get_filesets sources_1] [list "*$file"]]
## set_property "file_type" "VHDL" $file_obj
## set file "wr_streamers/wr_streamers_wb.vhd"
## set file_obj [get_files -of_objects [get_filesets sources_1] [list "*$file"]]
## set_property "file_type" "VHDL" $file_obj
## set file "eb_slave_core/etherbone_pkg.vhd"
## set file_obj [get_files -of_objects [get_filesets sources_1] [list "*$file"]]
## set_property "file_type" "VHDL" $file_obj
## set file "eb_slave_core/eb_eth_tx.vhd"
## set file_obj [get_files -of_objects [get_filesets sources_1] [list "*$file"]]
## set_property "file_type" "VHDL" $file_obj
## set file "wr_streamers/xrx_streamer.vhd"
## set file_obj [get_files -of_objects [get_filesets sources_1] [list "*$file"]]
## set_property "file_type" "VHDL" $file_obj
## set file "wb_axi4lite_bridge/axi4_pkg.vhd"
## set file_obj [get_files -of_objects [get_filesets sources_1] [list "*$file"]]
## set_property "file_type" "VHDL" $file_obj
## set file "spartan6/gtp_phase_align.vhd"
## set file_obj [get_files -of_objects [get_filesets sources_1] [list "*$file"]]
## set_property "file_type" "VHDL" $file_obj
## set file "family7-gtx/whiterabbit_gtxe2_channel_wrapper_gt.vhd"
## set file_obj [get_files -of_objects [get_filesets sources_1] [list "*$file"]]
## set_property "file_type" "VHDL" $file_obj
## set file "family7-gtp/whiterabbit_gtpe2_channel_wrapper.vhd"
## set file_obj [get_files -of_objects [get_filesets sources_1] [list "*$file"]]
## set_property "file_type" "VHDL" $file_obj
## set file "xilinx/wr_xilinx_pkg.vhd"
## set file_obj [get_files -of_objects [get_filesets sources_1] [list "*$file"]]
## set_property "file_type" "VHDL" $file_obj
## set file "wrc_core/xwr_core.vhd"
## set file_obj [get_files -of_objects [get_filesets sources_1] [list "*$file"]]
## set_property "file_type" "VHDL" $file_obj
## set file "wr_dacs/spec_serial_dac.vhd"
## set file_obj [get_files -of_objects [get_filesets sources_1] [list "*$file"]]
## set_property "file_type" "VHDL" $file_obj
## set file "common/wr_board_pkg.vhd"
## set file_obj [get_files -of_objects [get_filesets sources_1] [list "*$file"]]
## set_property "file_type" "VHDL" $file_obj
## set file "eb_slave_core/eb_ethernet_slave.vhd"
## set file_obj [get_files -of_objects [get_filesets sources_1] [list "*$file"]]
## set_property "file_type" "VHDL" $file_obj
## set file "wr_streamers/xwr_streamers.vhd"
## set file_obj [get_files -of_objects [get_filesets sources_1] [list "*$file"]]
## set_property "file_type" "VHDL" $file_obj
## set file "wb_axi4lite_bridge/xwb_axi4lite_bridge.vhd"
## set file_obj [get_files -of_objects [get_filesets sources_1] [list "*$file"]]
## set_property "file_type" "VHDL" $file_obj
## set file "family7-gtp/wr_gtp_phy_family7.vhd"
## set file_obj [get_files -of_objects [get_filesets sources_1] [list "*$file"]]
## set_property "file_type" "VHDL" $file_obj
## set file "family7-gtx/wr_gtx_phy_family7.vhd"
## set file_obj [get_files -of_objects [get_filesets sources_1] [list "*$file"]]
## set_property "file_type" "VHDL" $file_obj
## set file "spartan6/wr_gtp_phy_spartan6.vhd"
## set file_obj [get_files -of_objects [get_filesets sources_1] [list "*$file"]]
## set_property "file_type" "VHDL" $file_obj
## set file "wr_dacs/spec_serial_dac_arb.vhd"
## set file_obj [get_files -of_objects [get_filesets sources_1] [list "*$file"]]
## set_property "file_type" "VHDL" $file_obj
## set file "common/xwrc_board_common.vhd"
## set file_obj [get_files -of_objects [get_filesets sources_1] [list "*$file"]]
## set_property "file_type" "VHDL" $file_obj
## set file "quabo/wr_quabo_pkg.vhd"
## set file_obj [get_files -of_objects [get_filesets sources_1] [list "*$file"]]
## set_property "file_type" "VHDL" $file_obj
## set file "xilinx/xwrc_platform_xilinx.vhd"
## set file_obj [get_files -of_objects [get_filesets sources_1] [list "*$file"]]
## set_property "file_type" "VHDL" $file_obj
## set file "common/gc_reset.vhd"
## set file_obj [get_files -of_objects [get_filesets sources_1] [list "*$file"]]
## set_property "file_type" "VHDL" $file_obj
## set file "wb_axi4lite_bridge/wb_axi4lite_bridge.vhd"
## set file_obj [get_files -of_objects [get_filesets sources_1] [list "*$file"]]
## set_property "file_type" "VHDL" $file_obj
## set file "quabo/xwrc_board_quabo.vhd"
## set file_obj [get_files -of_objects [get_filesets sources_1] [list "*$file"]]
## set_property "file_type" "VHDL" $file_obj
## set file "quabo/wrc_board_quabo.vhd"
## set file_obj [get_files -of_objects [get_filesets sources_1] [list "*$file"]]
## set_property "file_type" "VHDL" $file_obj
## set file "wr_eca/eca_free.vhd"
## set file_obj [get_files -of_objects [get_filesets sources_1] [list "*$file"]]
## set_property "file_type" "VHDL" $file_obj
## set file "eb_usb_core/ez_usb_fifos.vhd"
## set file_obj [get_files -of_objects [get_filesets sources_1] [list "*$file"]]
## set_property "file_type" "VHDL" $file_obj
## set file "wb_spi/xwb_spi.vhd"
## set file_obj [get_files -of_objects [get_filesets sources_1] [list "*$file"]]
## set_property "file_type" "VHDL" $file_obj
## set file "wb_simple_timer/wb_tics.vhd"
## set file_obj [get_files -of_objects [get_filesets sources_1] [list "*$file"]]
## set_property "file_type" "VHDL" $file_obj
## set file "wr_eca/eca_msi.vhd"
## set file_obj [get_files -of_objects [get_filesets sources_1] [list "*$file"]]
## set_property "file_type" "VHDL" $file_obj
## set file "wr_tlu/tlu_fsm.vhd"
## set file_obj [get_files -of_objects [get_filesets sources_1] [list "*$file"]]
## set_property "file_type" "VHDL" $file_obj
## set file "spartan6/l2p_ser.vhd"
## set file_obj [get_files -of_objects [get_filesets sources_1] [list "*$file"]]
## set_property "file_type" "VHDL" $file_obj
## set file "wb_irq/wb_irq_timer.vhd"
## set file_obj [get_files -of_objects [get_filesets sources_1] [list "*$file"]]
## set_property "file_type" "VHDL" $file_obj
## set file "wr_eca/eca_ac_wbm_auto.vhd"
## set file_obj [get_files -of_objects [get_filesets sources_1] [list "*$file"]]
## set_property "file_type" "VHDL" $file_obj
## set file "wr_eca/eca_wb_event.vhd"
## set file_obj [get_files -of_objects [get_filesets sources_1] [list "*$file"]]
## set_property "file_type" "VHDL" $file_obj
## set file "wb_simple_pwm/simple_pwm_wbgen2_pkg.vhd"
## set file_obj [get_files -of_objects [get_filesets sources_1] [list "*$file"]]
## set_property "file_type" "VHDL" $file_obj
## set file "wb_irq/wb_irq_master.vhd"
## set file_obj [get_files -of_objects [get_filesets sources_1] [list "*$file"]]
## set_property "file_type" "VHDL" $file_obj
## set file "eb_slave_core/eb_raw_slave.vhd"
## set file_obj [get_files -of_objects [get_filesets sources_1] [list "*$file"]]
## set_property "file_type" "VHDL" $file_obj
## set file "wb_i2c_master/wb_i2c_master.vhd"
## set file_obj [get_files -of_objects [get_filesets sources_1] [list "*$file"]]
## set_property "file_type" "VHDL" $file_obj
## set file "common/gc_async_signals_input_stage.vhd"
## set file_obj [get_files -of_objects [get_filesets sources_1] [list "*$file"]]
## set_property "file_type" "VHDL" $file_obj
## set file "wr_tlu/tlu.vhd"
## set file_obj [get_files -of_objects [get_filesets sources_1] [list "*$file"]]
## set_property "file_type" "VHDL" $file_obj
## set file "wb_simple_pwm/wb_simple_pwm.vhd"
## set file_obj [get_files -of_objects [get_filesets sources_1] [list "*$file"]]
## set_property "file_type" "VHDL" $file_obj
## set file "wr_streamers/rx_streamer.vhd"
## set file_obj [get_files -of_objects [get_filesets sources_1] [list "*$file"]]
## set_property "file_type" "VHDL" $file_obj
## set file "xilinx/generic_spram.vhd"
## set file_obj [get_files -of_objects [get_filesets sources_1] [list "*$file"]]
## set_property "file_type" "VHDL" $file_obj
## set file "spartan6/serdes_n_to_1_s2_se.vhd"
## set file_obj [get_files -of_objects [get_filesets sources_1] [list "*$file"]]
## set_property "file_type" "VHDL" $file_obj
## set file "common/gc_fsm_watchdog.vhd"
## set file_obj [get_files -of_objects [get_filesets sources_1] [list "*$file"]]
## set_property "file_type" "VHDL" $file_obj
## set file "common/gc_rr_arbiter.vhd"
## set file_obj [get_files -of_objects [get_filesets sources_1] [list "*$file"]]
## set_property "file_type" "VHDL" $file_obj
## set file "wb_dma/xwb_dma.vhd"
## set file_obj [get_files -of_objects [get_filesets sources_1] [list "*$file"]]
## set_property "file_type" "VHDL" $file_obj
## set file "wr_eca/eca_queue.vhd"
## set file_obj [get_files -of_objects [get_filesets sources_1] [list "*$file"]]
## set_property "file_type" "VHDL" $file_obj
## set file "wr_eca/eca_auto_pkg.vhd"
## set file_obj [get_files -of_objects [get_filesets sources_1] [list "*$file"]]
## set_property "file_type" "VHDL" $file_obj
## set file "xwrf_loopback/lbk_wishbone_controller.vhd"
## set file_obj [get_files -of_objects [get_filesets sources_1] [list "*$file"]]
## set_property "file_type" "VHDL" $file_obj
## set file "wb_serial_lcd/wb_serial_lcd.vhd"
## set file_obj [get_files -of_objects [get_filesets sources_1] [list "*$file"]]
## set_property "file_type" "VHDL" $file_obj
## set file "eb_master_core/eb_framer.vhd"
## set file_obj [get_files -of_objects [get_filesets sources_1] [list "*$file"]]
## set_property "file_type" "VHDL" $file_obj
## set file "wb_xilinx_fpga_loader/xwb_xilinx_fpga_loader.vhd"
## set file_obj [get_files -of_objects [get_filesets sources_1] [list "*$file"]]
## set_property "file_type" "VHDL" $file_obj
## set file "common/gc_moving_average.vhd"
## set file_obj [get_files -of_objects [get_filesets sources_1] [list "*$file"]]
## set_property "file_type" "VHDL" $file_obj
## set file "eb_master_core/eb_commit_len_fifo.vhd"
## set file_obj [get_files -of_objects [get_filesets sources_1] [list "*$file"]]
## set_property "file_type" "VHDL" $file_obj
## set file "wr_eca/eca_tag_channel.vhd"
## set file_obj [get_files -of_objects [get_filesets sources_1] [list "*$file"]]
## set_property "file_type" "VHDL" $file_obj
## set file "common/gc_serial_dac.vhd"
## set file_obj [get_files -of_objects [get_filesets sources_1] [list "*$file"]]
## set_property "file_type" "VHDL" $file_obj
## set file "wr_si57x_interface/xwr_si57x_interface.vhd"
## set file_obj [get_files -of_objects [get_filesets sources_1] [list "*$file"]]
## set_property "file_type" "VHDL" $file_obj
## set file "wr_tbi_phy/dec_8b10b.vhd"
## set file_obj [get_files -of_objects [get_filesets sources_1] [list "*$file"]]
## set_property "file_type" "VHDL" $file_obj
## set file "wr_tbi_phy/enc_8b10b.vhd"
## set file_obj [get_files -of_objects [get_filesets sources_1] [list "*$file"]]
## set_property "file_type" "VHDL" $file_obj
## set file "spartan6/pulse_sync_rtl.vhd"
## set file_obj [get_files -of_objects [get_filesets sources_1] [list "*$file"]]
## set_property "file_type" "VHDL" $file_obj
## set file "wbgen2/wbgen2_fifo_async.vhd"
## set file_obj [get_files -of_objects [get_filesets sources_1] [list "*$file"]]
## set_property "file_type" "VHDL" $file_obj
## set file "wr_eca/eca_pkg.vhd"
## set file_obj [get_files -of_objects [get_filesets sources_1] [list "*$file"]]
## set_property "file_type" "VHDL" $file_obj
## set file "wb_gpio_port/xwb_gpio_port.vhd"
## set file_obj [get_files -of_objects [get_filesets sources_1] [list "*$file"]]
## set_property "file_type" "VHDL" $file_obj
## set file "common/gc_prio_encoder.vhd"
## set file_obj [get_files -of_objects [get_filesets sources_1] [list "*$file"]]
## set_property "file_type" "VHDL" $file_obj
## set file "eb_usb_core/ez_usb.vhd"
## set file_obj [get_files -of_objects [get_filesets sources_1] [list "*$file"]]
## set_property "file_type" "VHDL" $file_obj
## set file "eb_master_core/eb_master_eth_tx.vhd"
## set file_obj [get_files -of_objects [get_filesets sources_1] [list "*$file"]]
## set_property "file_type" "VHDL" $file_obj
## set file "wb_gpio_port/wb_gpio_port.vhd"
## set file_obj [get_files -of_objects [get_filesets sources_1] [list "*$file"]]
## set_property "file_type" "VHDL" $file_obj
## set file "wb_xilinx_fpga_loader/wb_xilinx_fpga_loader.vhd"
## set file_obj [get_files -of_objects [get_filesets sources_1] [list "*$file"]]
## set_property "file_type" "VHDL" $file_obj
## set file "xwrf_loopback/lbk_pkg.vhd"
## set file_obj [get_files -of_objects [get_filesets sources_1] [list "*$file"]]
## set_property "file_type" "VHDL" $file_obj
## set file "spartan6/gn4124_core_pkg.vhd"
## set file_obj [get_files -of_objects [get_filesets sources_1] [list "*$file"]]
## set_property "file_type" "VHDL" $file_obj
## set file "eb_usb_core/ez_usb_pkg.vhd"
## set file_obj [get_files -of_objects [get_filesets sources_1] [list "*$file"]]
## set_property "file_type" "VHDL" $file_obj
## set file "wr_eca/eca_ac_wbm_auto_pkg.vhd"
## set file_obj [get_files -of_objects [get_filesets sources_1] [list "*$file"]]
## set_property "file_type" "VHDL" $file_obj
## set file "rtl/p2l_dma_master.vhd"
## set file_obj [get_files -of_objects [get_filesets sources_1] [list "*$file"]]
## set_property "file_type" "VHDL" $file_obj
## set file "wr_si57x_interface/si570_if_wbgen2_pkg.vhd"
## set file_obj [get_files -of_objects [get_filesets sources_1] [list "*$file"]]
## set_property "file_type" "VHDL" $file_obj
## set file "wb_irq/wb_irq_lm32.vhd"
## set file_obj [get_files -of_objects [get_filesets sources_1] [list "*$file"]]
## set_property "file_type" "VHDL" $file_obj
## set file "wb_xil_multiboot/multiboot_fsm.vhd"
## set file_obj [get_files -of_objects [get_filesets sources_1] [list "*$file"]]
## set_property "file_type" "VHDL" $file_obj
## set file "eb_master_core/eb_master_top.vhd"
## set file_obj [get_files -of_objects [get_filesets sources_1] [list "*$file"]]
## set_property "file_type" "VHDL" $file_obj
## set file "common/gc_arbitrated_mux.vhd"
## set file_obj [get_files -of_objects [get_filesets sources_1] [list "*$file"]]
## set_property "file_type" "VHDL" $file_obj
## set file "wb_vic/xwb_vic.vhd"
## set file_obj [get_files -of_objects [get_filesets sources_1] [list "*$file"]]
## set_property "file_type" "VHDL" $file_obj
## set file "wb_i2c_bridge/wb_i2c_bridge.vhd"
## set file_obj [get_files -of_objects [get_filesets sources_1] [list "*$file"]]
## set_property "file_type" "VHDL" $file_obj
## set file "wr_eca/eca.vhd"
## set file_obj [get_files -of_objects [get_filesets sources_1] [list "*$file"]]
## set_property "file_type" "VHDL" $file_obj
## set file "wb_crossbar/xwb_register_link.vhd"
## set file_obj [get_files -of_objects [get_filesets sources_1] [list "*$file"]]
## set_property "file_type" "VHDL" $file_obj
## set file "rtl/dma_controller.vhd"
## set file_obj [get_files -of_objects [get_filesets sources_1] [list "*$file"]]
## set_property "file_type" "VHDL" $file_obj
## set file "wr_softpll_ng/spll_period_detect.vhd"
## set file_obj [get_files -of_objects [get_filesets sources_1] [list "*$file"]]
## set_property "file_type" "VHDL" $file_obj
## set file "wr_eca/eca_ac_wbm.vhd"
## set file_obj [get_files -of_objects [get_filesets sources_1] [list "*$file"]]
## set_property "file_type" "VHDL" $file_obj
## set file "timing/pulse_gen.vhd"
## set file_obj [get_files -of_objects [get_filesets sources_1] [list "*$file"]]
## set_property "file_type" "VHDL" $file_obj
## set file "spartan6/gn4124_core.vhd"
## set file_obj [get_files -of_objects [get_filesets sources_1] [list "*$file"]]
## set_property "file_type" "VHDL" $file_obj
## set file "common/gc_single_reset_gen.vhd"
## set file_obj [get_files -of_objects [get_filesets sources_1] [list "*$file"]]
## set_property "file_type" "VHDL" $file_obj
## set file "common/gc_bicolor_led_ctrl.vhd"
## set file_obj [get_files -of_objects [get_filesets sources_1] [list "*$file"]]
## set_property "file_type" "VHDL" $file_obj
## set file "wr_eca/eca_search.vhd"
## set file_obj [get_files -of_objects [get_filesets sources_1] [list "*$file"]]
## set_property "file_type" "VHDL" $file_obj
## set file "rtl/dma_controller_wb_slave.vhd"
## set file_obj [get_files -of_objects [get_filesets sources_1] [list "*$file"]]
## set_property "file_type" "VHDL" $file_obj
## set file "wb_i2c_master/xwb_i2c_master.vhd"
## set file_obj [get_files -of_objects [get_filesets sources_1] [list "*$file"]]
## set_property "file_type" "VHDL" $file_obj
## set file "wr_endpoint/ep_rx_bypass_queue.vhd"
## set file_obj [get_files -of_objects [get_filesets sources_1] [list "*$file"]]
## set_property "file_type" "VHDL" $file_obj
## set file "wr_streamers/tx_streamer.vhd"
## set file_obj [get_files -of_objects [get_filesets sources_1] [list "*$file"]]
## set_property "file_type" "VHDL" $file_obj
## set file "eb_master_core/eb_master_slave_wrapper.vhd"
## set file_obj [get_files -of_objects [get_filesets sources_1] [list "*$file"]]
## set_property "file_type" "VHDL" $file_obj
## set file "xwrf_loopback/wrf_loopback.vhd"
## set file_obj [get_files -of_objects [get_filesets sources_1] [list "*$file"]]
## set_property "file_type" "VHDL" $file_obj
## set file "wr_tlu/tlu_pkg.vhd"
## set file_obj [get_files -of_objects [get_filesets sources_1] [list "*$file"]]
## set_property "file_type" "VHDL" $file_obj
## set file "wb_async_bridge/xwb_async_bridge.vhd"
## set file_obj [get_files -of_objects [get_filesets sources_1] [list "*$file"]]
## set_property "file_type" "VHDL" $file_obj
## set file "wb_bus_fanout/xwb_bus_fanout.vhd"
## set file_obj [get_files -of_objects [get_filesets sources_1] [list "*$file"]]
## set_property "file_type" "VHDL" $file_obj
## set file "wb_simple_pwm/xwb_simple_pwm.vhd"
## set file_obj [get_files -of_objects [get_filesets sources_1] [list "*$file"]]
## set_property "file_type" "VHDL" $file_obj
## set file "timing/multi_dmtd_with_deglitcher.vhd"
## set file_obj [get_files -of_objects [get_filesets sources_1] [list "*$file"]]
## set_property "file_type" "VHDL" $file_obj
## set file "eb_master_core/eb_master_wb_if.vhd"
## set file_obj [get_files -of_objects [get_filesets sources_1] [list "*$file"]]
## set_property "file_type" "VHDL" $file_obj
## set file "wr_eca/eca_channel.vhd"
## set file_obj [get_files -of_objects [get_filesets sources_1] [list "*$file"]]
## set_property "file_type" "VHDL" $file_obj
## set file "wb_xilinx_fpga_loader/xloader_wb.vhd"
## set file_obj [get_files -of_objects [get_filesets sources_1] [list "*$file"]]
## set_property "file_type" "VHDL" $file_obj
## set file "wr_eca/eca_auto.vhd"
## set file_obj [get_files -of_objects [get_filesets sources_1] [list "*$file"]]
## set_property "file_type" "VHDL" $file_obj
## set file "wr_eca/eca_tlu.vhd"
## set file_obj [get_files -of_objects [get_filesets sources_1] [list "*$file"]]
## set_property "file_type" "VHDL" $file_obj
## set file "wb_i2c_master/i2c_master_byte_ctrl.vhd"
## set file_obj [get_files -of_objects [get_filesets sources_1] [list "*$file"]]
## set_property "file_type" "VHDL" $file_obj
## set file "fabric/xwrf_reg.vhd"
## set file_obj [get_files -of_objects [get_filesets sources_1] [list "*$file"]]
## set_property "file_type" "VHDL" $file_obj
## set file "wr_si57x_interface/si570_if_wb.vhd"
## set file_obj [get_files -of_objects [get_filesets sources_1] [list "*$file"]]
## set_property "file_type" "VHDL" $file_obj
## set file "wr_eca/eca_adder.vhd"
## set file_obj [get_files -of_objects [get_filesets sources_1] [list "*$file"]]
## set_property "file_type" "VHDL" $file_obj
## set file "wb_irq/wb_irq_pkg.vhd"
## set file_obj [get_files -of_objects [get_filesets sources_1] [list "*$file"]]
## set_property "file_type" "VHDL" $file_obj
## set file "wr_eca/eca_piso_fifo.vhd"
## set file_obj [get_files -of_objects [get_filesets sources_1] [list "*$file"]]
## set_property "file_type" "VHDL" $file_obj
## set file "wb_xilinx_fpga_loader/xloader_registers_pkg.vhd"
## set file_obj [get_files -of_objects [get_filesets sources_1] [list "*$file"]]
## set_property "file_type" "VHDL" $file_obj
## set file "ip_cores/l2p_fifo.ngc"
## set file_obj [get_files -of_objects [get_filesets sources_1] [list "*$file"]]
## set_property "file_type" "NGC" $file_obj
## set file "wbgen2/wbgen2_dpssram.vhd"
## set file_obj [get_files -of_objects [get_filesets sources_1] [list "*$file"]]
## set_property "file_type" "VHDL" $file_obj
## set file "wr_eca/eca_tlu_auto.vhd"
## set file_obj [get_files -of_objects [get_filesets sources_1] [list "*$file"]]
## set_property "file_type" "VHDL" $file_obj
## set file "common/gc_dual_pi_controller.vhd"
## set file_obj [get_files -of_objects [get_filesets sources_1] [list "*$file"]]
## set_property "file_type" "VHDL" $file_obj
## set file "common/gc_glitch_filt.vhd"
## set file_obj [get_files -of_objects [get_filesets sources_1] [list "*$file"]]
## set_property "file_type" "VHDL" $file_obj
## set file "rtl/l2p_dma_master.vhd"
## set file_obj [get_files -of_objects [get_filesets sources_1] [list "*$file"]]
## set_property "file_type" "VHDL" $file_obj
## set file "common/gc_word_packer.vhd"
## set file_obj [get_files -of_objects [get_filesets sources_1] [list "*$file"]]
## set_property "file_type" "VHDL" $file_obj
## set file "common/gc_i2c_slave.vhd"
## set file_obj [get_files -of_objects [get_filesets sources_1] [list "*$file"]]
## set_property "file_type" "VHDL" $file_obj
## set file "wb_vic/wb_slave_vic.vhd"
## set file_obj [get_files -of_objects [get_filesets sources_1] [list "*$file"]]
## set_property "file_type" "VHDL" $file_obj
## set file "wr_eca/eca_sdp.vhd"
## set file_obj [get_files -of_objects [get_filesets sources_1] [list "*$file"]]
## set_property "file_type" "VHDL" $file_obj
## set file "wr_eca/eca_data.vhd"
## set file_obj [get_files -of_objects [get_filesets sources_1] [list "*$file"]]
## set_property "file_type" "VHDL" $file_obj
## set file "wb_crossbar/wb_skidpad.vhd"
## set file_obj [get_files -of_objects [get_filesets sources_1] [list "*$file"]]
## set_property "file_type" "VHDL" $file_obj
## set file "xwrf_loopback/xwrf_loopback.vhd"
## set file_obj [get_files -of_objects [get_filesets sources_1] [list "*$file"]]
## set_property "file_type" "VHDL" $file_obj
## set file "wb_irq/wb_irq_slave.vhd"
## set file_obj [get_files -of_objects [get_filesets sources_1] [list "*$file"]]
## set_property "file_type" "VHDL" $file_obj
## set file "spartan6/serdes_n_to_1_s2_diff.vhd"
## set file_obj [get_files -of_objects [get_filesets sources_1] [list "*$file"]]
## set_property "file_type" "VHDL" $file_obj
## set file "common/matrix_pkg.vhd"
## set file_obj [get_files -of_objects [get_filesets sources_1] [list "*$file"]]
## set_property "file_type" "VHDL" $file_obj
## set file "wb_xil_multiboot/xwb_xil_multiboot.vhd"
## set file_obj [get_files -of_objects [get_filesets sources_1] [list "*$file"]]
## set_property "file_type" "VHDL" $file_obj
## set file "common/gc_big_adder.vhd"
## set file_obj [get_files -of_objects [get_filesets sources_1] [list "*$file"]]
## set_property "file_type" "VHDL" $file_obj
## set file "wr_eca/eca_queue_auto.vhd"
## set file_obj [get_files -of_objects [get_filesets sources_1] [list "*$file"]]
## set_property "file_type" "VHDL" $file_obj
## set file "wb_i2c_master/i2c_master_bit_ctrl.vhd"
## set file_obj [get_files -of_objects [get_filesets sources_1] [list "*$file"]]
## set_property "file_type" "VHDL" $file_obj
## set file "wb_simple_timer/xwb_tics.vhd"
## set file_obj [get_files -of_objects [get_filesets sources_1] [list "*$file"]]
## set_property "file_type" "VHDL" $file_obj
## set file "wr_eca/eca_walker.vhd"
## set file_obj [get_files -of_objects [get_filesets sources_1] [list "*$file"]]
## set_property "file_type" "VHDL" $file_obj
## set file "wbgenplus/wbgenplus_pkg.vhd"
## set file_obj [get_files -of_objects [get_filesets sources_1] [list "*$file"]]
## set_property "file_type" "VHDL" $file_obj
## set file "spartan6/p2l_des.vhd"
## set file_obj [get_files -of_objects [get_filesets sources_1] [list "*$file"]]
## set_property "file_type" "VHDL" $file_obj
## set file "wr_eca/eca_tlu_fsm.vhd"
## set file_obj [get_files -of_objects [get_filesets sources_1] [list "*$file"]]
## set_property "file_type" "VHDL" $file_obj
## set file "eb_master_core/eb_record_gen.vhd"
## set file_obj [get_files -of_objects [get_filesets sources_1] [list "*$file"]]
## set_property "file_type" "VHDL" $file_obj
## set file "chipscope/chipscope_icon.ngc"
## set file_obj [get_files -of_objects [get_filesets sources_1] [list "*$file"]]
## set_property "file_type" "NGC" $file_obj
## set file "rtl/l2p_arbiter.vhd"
## set file_obj [get_files -of_objects [get_filesets sources_1] [list "*$file"]]
## set_property "file_type" "VHDL" $file_obj
## set file "wb_dma/xwb_streamer.vhd"
## set file_obj [get_files -of_objects [get_filesets sources_1] [list "*$file"]]
## set_property "file_type" "VHDL" $file_obj
## set file "wr_eca/wr_eca.vhd"
## set file_obj [get_files -of_objects [get_filesets sources_1] [list "*$file"]]
## set_property "file_type" "VHDL" $file_obj
## set file "wr_eca/eca_offset.vhd"
## set file_obj [get_files -of_objects [get_filesets sources_1] [list "*$file"]]
## set_property "file_type" "VHDL" $file_obj
## set file "common/gc_dyn_glitch_filt.vhd"
## set file_obj [get_files -of_objects [get_filesets sources_1] [list "*$file"]]
## set_property "file_type" "VHDL" $file_obj
## set file "wb_simple_pwm/simple_pwm_wb.vhd"
## set file_obj [get_files -of_objects [get_filesets sources_1] [list "*$file"]]
## set_property "file_type" "VHDL" $file_obj
## set file "wb_async_bridge/wb_async_bridge.vhd"
## set file_obj [get_files -of_objects [get_filesets sources_1] [list "*$file"]]
## set_property "file_type" "VHDL" $file_obj
## set file "wr_eca/eca_scan.vhd"
## set file_obj [get_files -of_objects [get_filesets sources_1] [list "*$file"]]
## set_property "file_type" "VHDL" $file_obj
## set file "rtl/wbmaster32.vhd"
## set file_obj [get_files -of_objects [get_filesets sources_1] [list "*$file"]]
## set_property "file_type" "VHDL" $file_obj
## set file "wr_eca/eca_scubus_channel.vhd"
## set file_obj [get_files -of_objects [get_filesets sources_1] [list "*$file"]]
## set_property "file_type" "VHDL" $file_obj
## set file "spartan6/serdes_1_to_n_clk_pll_s2_diff.vhd"
## set file_obj [get_files -of_objects [get_filesets sources_1] [list "*$file"]]
## set_property "file_type" "VHDL" $file_obj
## set file "wb_irq/irqm_core.vhd"
## set file_obj [get_files -of_objects [get_filesets sources_1] [list "*$file"]]
## set_property "file_type" "VHDL" $file_obj
## set file "wb_clock_crossing/xwb_clock_crossing.vhd"
## set file_obj [get_files -of_objects [get_filesets sources_1] [list "*$file"]]
## set_property "file_type" "VHDL" $file_obj
## set file "wr_eca/eca_rmw.vhd"
## set file_obj [get_files -of_objects [get_filesets sources_1] [list "*$file"]]
## set_property "file_type" "VHDL" $file_obj
## set file "wb_xil_multiboot/multiboot_regs.vhd"
## set file_obj [get_files -of_objects [get_filesets sources_1] [list "*$file"]]
## set_property "file_type" "VHDL" $file_obj
## set file "wb_spi/wb_spi.vhd"
## set file_obj [get_files -of_objects [get_filesets sources_1] [list "*$file"]]
## set_property "file_type" "VHDL" $file_obj
## set file "wr_eca/eca_tlu_auto_pkg.vhd"
## set file_obj [get_files -of_objects [get_filesets sources_1] [list "*$file"]]
## set_property "file_type" "VHDL" $file_obj
## set file "wr_tbi_phy/wr_tbi_phy.vhd"
## set file_obj [get_files -of_objects [get_filesets sources_1] [list "*$file"]]
## set_property "file_type" "VHDL" $file_obj
## set file "chipscope/chipscope_ila.ngc"
## set file_obj [get_files -of_objects [get_filesets sources_1] [list "*$file"]]
## set_property "file_type" "NGC" $file_obj
## set file "wr_eca/eca_queue_auto_pkg.vhd"
## set file_obj [get_files -of_objects [get_filesets sources_1] [list "*$file"]]
## set_property "file_type" "VHDL" $file_obj
## set file "timing/hpll_period_detect.vhd"
## set file_obj [get_files -of_objects [get_filesets sources_1] [list "*$file"]]
## set_property "file_type" "VHDL" $file_obj
## set file "wb_spi_flash/wb_spi_flash.vhd"
## set file_obj [get_files -of_objects [get_filesets sources_1] [list "*$file"]]
## set_property "file_type" "VHDL" $file_obj
## set file "rtl/p2l_decode32.vhd"
## set file_obj [get_files -of_objects [get_filesets sources_1] [list "*$file"]]
## set_property "file_type" "VHDL" $file_obj
## set file "wr_si57x_interface/wr_si57x_interface.vhd"
## set file_obj [get_files -of_objects [get_filesets sources_1] [list "*$file"]]
## set_property "file_type" "VHDL" $file_obj
## set file "common/gc_delay_gen.vhd"
## set file_obj [get_files -of_objects [get_filesets sources_1] [list "*$file"]]
## set_property "file_type" "VHDL" $file_obj
## set file "wr_mini_nic/minic_packet_buffer.vhd"
## set file_obj [get_files -of_objects [get_filesets sources_1] [list "*$file"]]
## set_property "file_type" "VHDL" $file_obj
## set file "wr_eca/eca_internals_pkg.vhd"
## set file_obj [get_files -of_objects [get_filesets sources_1] [list "*$file"]]
## set_property "file_type" "VHDL" $file_obj
## set file "wb_xil_multiboot/spi_master.vhd"
## set file_obj [get_files -of_objects [get_filesets sources_1] [list "*$file"]]
## set_property "file_type" "VHDL" $file_obj
## set file "eb_slave_core/eb_slave_core.vhd"
## set file_obj [get_files -of_objects [get_filesets sources_1] [list "*$file"]]
## set_property "file_type" "VHDL" $file_obj
## set file "spartan6/serdes_1_to_n_data_s2_se.vhd"
## set file_obj [get_files -of_objects [get_filesets sources_1] [list "*$file"]]
## set_property "file_type" "VHDL" $file_obj
## set file "wb_vic/wb_vic.vhd"
## set file_obj [get_files -of_objects [get_filesets sources_1] [list "*$file"]]
## set_property "file_type" "VHDL" $file_obj
## set file "wb_i2c_master/i2c_master_top.vhd"
## set file_obj [get_files -of_objects [get_filesets sources_1] [list "*$file"]]
## set_property "file_type" "VHDL" $file_obj
## set file "wr_eca/eca_tdp.vhd"
## set file_obj [get_files -of_objects [get_filesets sources_1] [list "*$file"]]
## set_property "file_type" "VHDL" $file_obj
## set file "wb_vic/vic_prio_enc.vhd"
## set file_obj [get_files -of_objects [get_filesets sources_1] [list "*$file"]]
## set_property "file_type" "VHDL" $file_obj
## set file "wr_eca/eca_wr_time.vhd"
## set file_obj [get_files -of_objects [get_filesets sources_1] [list "*$file"]]
## set_property "file_type" "VHDL" $file_obj
## set obj [get_filesets sources_1]
## set_property "top" "wrc_board_quabo" $obj
## if {[string equal [get_filesets -quiet constrs_1] ""]} {
##   create_fileset -constrset constrs_1
## }
## set obj [get_filesets constrs_1]
## set obj [get_filesets constrs_1]
## if {[string equal [get_filesets -quiet sim_1] ""]} {
##   create_fileset -simset sim_1
## }
## set obj [get_filesets sim_1]
## set obj [get_filesets sim_1]
## set_property "top" "gn4124_core" $obj
## set_property "transport_int_delay" "0" $obj
## set_property "transport_path_delay" "0" $obj
## set_property "xelab.nosort" "1" $obj
## set_property "xelab.unifast" "" $obj
## if {[string equal [get_runs -quiet synth_1] ""]} {
##   create_run -name synth_1 -part xc7z030ffg676-2 -flow {Vivado Synthesis 2018} -strategy "Vivado Synthesis Defaults" -constrset constrs_1
## } else {
##   set_property strategy "Vivado Synthesis Defaults" [get_runs synth_1]
##   set_property flow "Vivado Synthesis 2018" [get_runs synth_1]
## }
## set obj [get_runs synth_1]
## set_property "part" "xc7z030ffg676-2" $obj
## current_run -synthesis [get_runs synth_1]
## if {[string equal [get_runs -quiet impl_1] ""]} {
##   create_run -name impl_1 -part xc7z030ffg676-2 -flow {Vivado Implementation 2018} -strategy "Vivado Implementation Defaults" -constrset constrs_1 -parent_run synth_1
## } else {
##   set_property strategy "Vivado Implementation Defaults" [get_runs impl_1]
##   set_property flow "Vivado Implementation 2018" [get_runs impl_1]
## }
## set obj [get_runs impl_1]
## set_property "part" "xc7z030ffg676-2" $obj
## set_property "steps.write_bitstream.args.readback_file" "0" $obj
## set_property "steps.write_bitstream.args.verbose" "0" $obj
## current_run -implementation [get_runs impl_1]
## puts "INFO: Project created:wrc_board_quabo_ip"
INFO: Project created:wrc_board_quabo_ip
INFO: [Common 17-206] Exiting Vivado at Thu Mar 14 15:36:54 2019...
